The system is: Linux - 6.6.91 - x86_64
Compiling the CXX compiler identification source file "CMakeCXXCompilerId.cpp" succeeded.
Compiler: /nix/store/dq0xwmsk1g0i2ayg6pb7y87na2knzylh-gcc-wrapper-11.3.0/bin/g++ 
Build flags: 
Id flags:  

The output was:
0


Compilation of the CXX compiler identification source "CMakeCXXCompilerId.cpp" produced "a.out"

The CXX compiler identification is GNU, found in "/home/sami/Code/study/c_cpp/SFML/TecProg_Game/build/CMakeFiles/3.24.3/CompilerIdCXX/a.out"

Detecting CXX compiler ABI info compiled with the following output:
Change Dir: /home/sami/Code/study/c_cpp/SFML/TecProg_Game/build/CMakeFiles/CMakeTmp

Run Build Command(s):/nix/store/mblgz65m3zv9x548a3d5m96fj2pbwr09-gnumake-4.3/bin/make -f Makefile cmTC_50b41/fast && /nix/store/mblgz65m3zv9x548a3d5m96fj2pbwr09-gnumake-4.3/bin/make  -f CMakeFiles/cmTC_50b41.dir/build.make CMakeFiles/cmTC_50b41.dir/build
make[1]: Entering directory '/home/sami/Code/study/c_cpp/SFML/TecProg_Game/build/CMakeFiles/CMakeTmp'
Building CXX object CMakeFiles/cmTC_50b41.dir/CMakeCXXCompilerABI.cpp.o
/nix/store/dq0xwmsk1g0i2ayg6pb7y87na2knzylh-gcc-wrapper-11.3.0/bin/g++   -v -o CMakeFiles/cmTC_50b41.dir/CMakeCXXCompilerABI.cpp.o -c /nix/store/rxb9zl1mdx9f2n3z0nyv9zhngj3f2pw0-cmake-3.24.3/share/cmake-3.24/Modules/CMakeCXXCompilerABI.cpp
Using built-in specs.
COLLECT_GCC=/nix/store/1gf2flfqnpqbr1b4p4qz2f72y42bs56r-gcc-11.3.0/bin/g++
Target: x86_64-unknown-linux-gnu
Configured with: 
Thread model: posix
Supported LTO compression algorithms: zlib
gcc version 11.3.0 (GCC) 
COLLECT_GCC_OPTIONS='-fPIC' '-Wformat=1' '-Wformat-security' '-Werror=format-security' '-fstack-protector-strong' '--param=ssp-buffer-size=4' '-O2' '-U' '_FORTIFY_SOURCE' '-D' '_FORTIFY_SOURCE=2' '-fno-strict-overflow' '-v' '-o' 'CMakeFiles/cmTC_50b41.dir/CMakeCXXCompilerABI.cpp.o' '-c' '-B' '/nix/store/4nlgxhb09sdr51nc9hdm8az5b08vzkgx-glibc-2.35-163/lib/' '-idirafter' '/nix/store/4pqv2mwdn88h7xvsm7a5zplrd8sxzvw0-glibc-2.35-163-dev/include' '-idirafter' '/nix/store/1gf2flfqnpqbr1b4p4qz2f72y42bs56r-gcc-11.3.0/lib/gcc/x86_64-unknown-linux-gnu/11.3.0/include-fixed' '-B' '/nix/store/mdck89nsfisflwjv6xv8ydj7dj0sj2pn-gcc-11.3.0-lib/lib' '-B' '/nix/store/dq0xwmsk1g0i2ayg6pb7y87na2knzylh-gcc-wrapper-11.3.0/bin/' '-frandom-seed=nb6bimzama' '-isystem' '/nix/store/ds6xh5pv5rz0c7qgjyk2qv6dy6sf2p3z-sfml-2.5.1/include' '-isystem' '/nix/store/pcvfia2yj946p4arz4018ax8g9rajby5-libGL-1.5.0-dev/include' '-isystem' '/nix/store/k4za15psddq0sa3kvy794034hk0hb0ag-libglvnd-1.5.0-dev/include' '-isystem' '/nix/store/pq8rjvbby1jpk2abgafv7s6c7ww1nm77-glu-9.0.2-dev/include' '-isystem' '/nix/store/cxhpfxf80pn9yrx9vp0krgscn3xr1083-libX11-1.8.1-dev/include' '-isystem' '/nix/store/zrkakdwv7g1gmd3b6ijd4azcilpg1hkg-xorgproto-2021.5/include' '-isystem' '/nix/store/zgn77akkyhdi5czzz929as1j872gbn04-libxcb-1.14-dev/include' '-isystem' '/nix/store/ds6xh5pv5rz0c7qgjyk2qv6dy6sf2p3z-sfml-2.5.1/include' '-isystem' '/nix/store/pcvfia2yj946p4arz4018ax8g9rajby5-libGL-1.5.0-dev/include' '-isystem' '/nix/store/k4za15psddq0sa3kvy794034hk0hb0ag-libglvnd-1.5.0-dev/include' '-isystem' '/nix/store/pq8rjvbby1jpk2abgafv7s6c7ww1nm77-glu-9.0.2-dev/include' '-isystem' '/nix/store/cxhpfxf80pn9yrx9vp0krgscn3xr1083-libX11-1.8.1-dev/include' '-isystem' '/nix/store/zrkakdwv7g1gmd3b6ijd4azcilpg1hkg-xorgproto-2021.5/include' '-isystem' '/nix/store/zgn77akkyhdi5czzz929as1j872gbn04-libxcb-1.14-dev/include' '-shared-libgcc' '-mtune=generic' '-march=x86-64' '-dumpdir' 'CMakeFiles/cmTC_50b41.dir/'
 /nix/store/1gf2flfqnpqbr1b4p4qz2f72y42bs56r-gcc-11.3.0/libexec/gcc/x86_64-unknown-linux-gnu/11.3.0/cc1plus -quiet -v -D_GNU_SOURCE -U _FORTIFY_SOURCE -D _FORTIFY_SOURCE=2 -idirafter /nix/store/4pqv2mwdn88h7xvsm7a5zplrd8sxzvw0-glibc-2.35-163-dev/include -idirafter /nix/store/1gf2flfqnpqbr1b4p4qz2f72y42bs56r-gcc-11.3.0/lib/gcc/x86_64-unknown-linux-gnu/11.3.0/include-fixed -isystem /nix/store/ds6xh5pv5rz0c7qgjyk2qv6dy6sf2p3z-sfml-2.5.1/include -isystem /nix/store/pcvfia2yj946p4arz4018ax8g9rajby5-libGL-1.5.0-dev/include -isystem /nix/store/k4za15psddq0sa3kvy794034hk0hb0ag-libglvnd-1.5.0-dev/include -isystem /nix/store/pq8rjvbby1jpk2abgafv7s6c7ww1nm77-glu-9.0.2-dev/include -isystem /nix/store/cxhpfxf80pn9yrx9vp0krgscn3xr1083-libX11-1.8.1-dev/include -isystem /nix/store/zrkakdwv7g1gmd3b6ijd4azcilpg1hkg-xorgproto-2021.5/include -isystem /nix/store/zgn77akkyhdi5czzz929as1j872gbn04-libxcb-1.14-dev/include -isystem /nix/store/ds6xh5pv5rz0c7qgjyk2qv6dy6sf2p3z-sfml-2.5.1/include -isystem /nix/store/pcvfia2yj946p4arz4018ax8g9rajby5-libGL-1.5.0-dev/include -isystem /nix/store/k4za15psddq0sa3kvy794034hk0hb0ag-libglvnd-1.5.0-dev/include -isystem /nix/store/pq8rjvbby1jpk2abgafv7s6c7ww1nm77-glu-9.0.2-dev/include -isystem /nix/store/cxhpfxf80pn9yrx9vp0krgscn3xr1083-libX11-1.8.1-dev/include -isystem /nix/store/zrkakdwv7g1gmd3b6ijd4azcilpg1hkg-xorgproto-2021.5/include -isystem /nix/store/zgn77akkyhdi5czzz929as1j872gbn04-libxcb-1.14-dev/include /nix/store/rxb9zl1mdx9f2n3z0nyv9zhngj3f2pw0-cmake-3.24.3/share/cmake-3.24/Modules/CMakeCXXCompilerABI.cpp -quiet -dumpdir CMakeFiles/cmTC_50b41.dir/ -dumpbase CMakeCXXCompilerABI.cpp.cpp -dumpbase-ext .cpp -mtune=generic -march=x86-64 -O2 -Wformat=1 -Wformat-security -Werror=format-security -version -fPIC -fstack-protector-strong -fno-strict-overflow -frandom-seed=nb6bimzama --param=ssp-buffer-size=4 -o /tmp/nix-shell.GYf8xQ/ccHtoV4d.s
GNU C++17 (GCC) version 11.3.0 (x86_64-unknown-linux-gnu)
	compiled by GNU C version 11.3.0, GMP version 6.2.1, MPFR version 4.1.0, MPC version 1.2.1, isl version isl-0.20-GMP

GGC heuristics: --param ggc-min-expand=100 --param ggc-min-heapsize=131072
ignoring duplicate directory "/nix/store/k4za15psddq0sa3kvy794034hk0hb0ag-libglvnd-1.5.0-dev/include"
ignoring duplicate directory "/nix/store/ds6xh5pv5rz0c7qgjyk2qv6dy6sf2p3z-sfml-2.5.1/include"
ignoring duplicate directory "/nix/store/pcvfia2yj946p4arz4018ax8g9rajby5-libGL-1.5.0-dev/include"
ignoring duplicate directory "/nix/store/k4za15psddq0sa3kvy794034hk0hb0ag-libglvnd-1.5.0-dev/include"
ignoring duplicate directory "/nix/store/pq8rjvbby1jpk2abgafv7s6c7ww1nm77-glu-9.0.2-dev/include"
ignoring duplicate directory "/nix/store/cxhpfxf80pn9yrx9vp0krgscn3xr1083-libX11-1.8.1-dev/include"
ignoring duplicate directory "/nix/store/zrkakdwv7g1gmd3b6ijd4azcilpg1hkg-xorgproto-2021.5/include"
ignoring duplicate directory "/nix/store/zgn77akkyhdi5czzz929as1j872gbn04-libxcb-1.14-dev/include"
ignoring nonexistent directory "/nix/store/1gf2flfqnpqbr1b4p4qz2f72y42bs56r-gcc-11.3.0/lib/gcc/x86_64-unknown-linux-gnu/11.3.0/../../../../x86_64-unknown-linux-gnu/include"
ignoring duplicate directory "/nix/store/4pqv2mwdn88h7xvsm7a5zplrd8sxzvw0-glibc-2.35-163-dev/include"
ignoring duplicate directory "/nix/store/1gf2flfqnpqbr1b4p4qz2f72y42bs56r-gcc-11.3.0/lib/gcc/x86_64-unknown-linux-gnu/11.3.0/include-fixed"
#include "..." search starts here:
#include <...> search starts here:
 /nix/store/ds6xh5pv5rz0c7qgjyk2qv6dy6sf2p3z-sfml-2.5.1/include
 /nix/store/pcvfia2yj946p4arz4018ax8g9rajby5-libGL-1.5.0-dev/include
 /nix/store/pq8rjvbby1jpk2abgafv7s6c7ww1nm77-glu-9.0.2-dev/include
 /nix/store/cxhpfxf80pn9yrx9vp0krgscn3xr1083-libX11-1.8.1-dev/include
 /nix/store/zrkakdwv7g1gmd3b6ijd4azcilpg1hkg-xorgproto-2021.5/include
 /nix/store/zgn77akkyhdi5czzz929as1j872gbn04-libxcb-1.14-dev/include
 /nix/store/1gf2flfqnpqbr1b4p4qz2f72y42bs56r-gcc-11.3.0/lib/gcc/x86_64-unknown-linux-gnu/11.3.0/../../../../include/c++/11.3.0
 /nix/store/1gf2flfqnpqbr1b4p4qz2f72y42bs56r-gcc-11.3.0/lib/gcc/x86_64-unknown-linux-gnu/11.3.0/../../../../include/c++/11.3.0/x86_64-unknown-linux-gnu
 /nix/store/1gf2flfqnpqbr1b4p4qz2f72y42bs56r-gcc-11.3.0/lib/gcc/x86_64-unknown-linux-gnu/11.3.0/../../../../include/c++/11.3.0/backward
 /nix/store/1gf2flfqnpqbr1b4p4qz2f72y42bs56r-gcc-11.3.0/lib/gcc/x86_64-unknown-linux-gnu/11.3.0/include
 /nix/store/1gf2flfqnpqbr1b4p4qz2f72y42bs56r-gcc-11.3.0/include
 /nix/store/1gf2flfqnpqbr1b4p4qz2f72y42bs56r-gcc-11.3.0/lib/gcc/x86_64-unknown-linux-gnu/11.3.0/include-fixed
 /nix/store/4pqv2mwdn88h7xvsm7a5zplrd8sxzvw0-glibc-2.35-163-dev/include
End of search list.
GNU C++17 (GCC) version 11.3.0 (x86_64-unknown-linux-gnu)
	compiled by GNU C version 11.3.0, GMP version 6.2.1, MPFR version 4.1.0, MPC version 1.2.1, isl version isl-0.20-GMP

GGC heuristics: --param ggc-min-expand=100 --param ggc-min-heapsize=131072
Compiler executable checksum: d04f28bc88b132d3fad73fe71e3cf55c
COLLECT_GCC_OPTIONS='-fPIC' '-Wformat=1' '-Wformat-security' '-Werror=format-security' '-fstack-protector-strong' '--param=ssp-buffer-size=4' '-O2' '-U' '_FORTIFY_SOURCE' '-D' '_FORTIFY_SOURCE=2' '-fno-strict-overflow' '-v' '-o' 'CMakeFiles/cmTC_50b41.dir/CMakeCXXCompilerABI.cpp.o' '-c' '-B' '/nix/store/4nlgxhb09sdr51nc9hdm8az5b08vzkgx-glibc-2.35-163/lib/' '-idirafter' '/nix/store/4pqv2mwdn88h7xvsm7a5zplrd8sxzvw0-glibc-2.35-163-dev/include' '-idirafter' '/nix/store/1gf2flfqnpqbr1b4p4qz2f72y42bs56r-gcc-11.3.0/lib/gcc/x86_64-unknown-linux-gnu/11.3.0/include-fixed' '-B' '/nix/store/mdck89nsfisflwjv6xv8ydj7dj0sj2pn-gcc-11.3.0-lib/lib' '-B' '/nix/store/dq0xwmsk1g0i2ayg6pb7y87na2knzylh-gcc-wrapper-11.3.0/bin/' '-frandom-seed=nb6bimzama' '-isystem' '/nix/store/ds6xh5pv5rz0c7qgjyk2qv6dy6sf2p3z-sfml-2.5.1/include' '-isystem' '/nix/store/pcvfia2yj946p4arz4018ax8g9rajby5-libGL-1.5.0-dev/include' '-isystem' '/nix/store/k4za15psddq0sa3kvy794034hk0hb0ag-libglvnd-1.5.0-dev/include' '-isystem' '/nix/store/pq8rjvbby1jpk2abgafv7s6c7ww1nm77-glu-9.0.2-dev/include' '-isystem' '/nix/store/cxhpfxf80pn9yrx9vp0krgscn3xr1083-libX11-1.8.1-dev/include' '-isystem' '/nix/store/zrkakdwv7g1gmd3b6ijd4azcilpg1hkg-xorgproto-2021.5/include' '-isystem' '/nix/store/zgn77akkyhdi5czzz929as1j872gbn04-libxcb-1.14-dev/include' '-isystem' '/nix/store/ds6xh5pv5rz0c7qgjyk2qv6dy6sf2p3z-sfml-2.5.1/include' '-isystem' '/nix/store/pcvfia2yj946p4arz4018ax8g9rajby5-libGL-1.5.0-dev/include' '-isystem' '/nix/store/k4za15psddq0sa3kvy794034hk0hb0ag-libglvnd-1.5.0-dev/include' '-isystem' '/nix/store/pq8rjvbby1jpk2abgafv7s6c7ww1nm77-glu-9.0.2-dev/include' '-isystem' '/nix/store/cxhpfxf80pn9yrx9vp0krgscn3xr1083-libX11-1.8.1-dev/include' '-isystem' '/nix/store/zrkakdwv7g1gmd3b6ijd4azcilpg1hkg-xorgproto-2021.5/include' '-isystem' '/nix/store/zgn77akkyhdi5czzz929as1j872gbn04-libxcb-1.14-dev/include' '-shared-libgcc' '-mtune=generic' '-march=x86-64' '-dumpdir' 'CMakeFiles/cmTC_50b41.dir/'
 /nix/store/dq0xwmsk1g0i2ayg6pb7y87na2knzylh-gcc-wrapper-11.3.0/bin/as -v --64 -o CMakeFiles/cmTC_50b41.dir/CMakeCXXCompilerABI.cpp.o /tmp/nix-shell.GYf8xQ/ccHtoV4d.s
GNU assembler version 2.39 (x86_64-unknown-linux-gnu) using BFD version (GNU Binutils) 2.39
COMPILER_PATH=/nix/store/4nlgxhb09sdr51nc9hdm8az5b08vzkgx-glibc-2.35-163/lib/:/nix/store/mdck89nsfisflwjv6xv8ydj7dj0sj2pn-gcc-11.3.0-lib/lib/:/nix/store/dq0xwmsk1g0i2ayg6pb7y87na2knzylh-gcc-wrapper-11.3.0/bin/:/nix/store/1gf2flfqnpqbr1b4p4qz2f72y42bs56r-gcc-11.3.0/libexec/gcc/x86_64-unknown-linux-gnu/11.3.0/:/nix/store/1gf2flfqnpqbr1b4p4qz2f72y42bs56r-gcc-11.3.0/libexec/gcc/x86_64-unknown-linux-gnu/11.3.0/:/nix/store/1gf2flfqnpqbr1b4p4qz2f72y42bs56r-gcc-11.3.0/libexec/gcc/x86_64-unknown-linux-gnu/:/nix/store/1gf2flfqnpqbr1b4p4qz2f72y42bs56r-gcc-11.3.0/lib/gcc/x86_64-unknown-linux-gnu/11.3.0/:/nix/store/1gf2flfqnpqbr1b4p4qz2f72y42bs56r-gcc-11.3.0/lib/gcc/x86_64-unknown-linux-gnu/
LIBRARY_PATH=/nix/store/4nlgxhb09sdr51nc9hdm8az5b08vzkgx-glibc-2.35-163/lib/:/nix/store/mdck89nsfisflwjv6xv8ydj7dj0sj2pn-gcc-11.3.0-lib/lib/:/nix/store/dq0xwmsk1g0i2ayg6pb7y87na2knzylh-gcc-wrapper-11.3.0/bin/:/nix/store/1gf2flfqnpqbr1b4p4qz2f72y42bs56r-gcc-11.3.0/lib/gcc/x86_64-unknown-linux-gnu/11.3.0/:/nix/store/1gf2flfqnpqbr1b4p4qz2f72y42bs56r-gcc-11.3.0/lib/gcc/x86_64-unknown-linux-gnu/11.3.0/../../../../lib64/:/nix/store/1gf2flfqnpqbr1b4p4qz2f72y42bs56r-gcc-11.3.0/lib/gcc/x86_64-unknown-linux-gnu/11.3.0/../../../
COLLECT_GCC_OPTIONS='-fPIC' '-Wformat=1' '-Wformat-security' '-Werror=format-security' '-fstack-protector-strong' '--param=ssp-buffer-size=4' '-O2' '-U' '_FORTIFY_SOURCE' '-D' '_FORTIFY_SOURCE=2' '-fno-strict-overflow' '-v' '-o' 'CMakeFiles/cmTC_50b41.dir/CMakeCXXCompilerABI.cpp.o' '-c' '-B' '/nix/store/4nlgxhb09sdr51nc9hdm8az5b08vzkgx-glibc-2.35-163/lib/' '-idirafter' '/nix/store/4pqv2mwdn88h7xvsm7a5zplrd8sxzvw0-glibc-2.35-163-dev/include' '-idirafter' '/nix/store/1gf2flfqnpqbr1b4p4qz2f72y42bs56r-gcc-11.3.0/lib/gcc/x86_64-unknown-linux-gnu/11.3.0/include-fixed' '-B' '/nix/store/mdck89nsfisflwjv6xv8ydj7dj0sj2pn-gcc-11.3.0-lib/lib' '-B' '/nix/store/dq0xwmsk1g0i2ayg6pb7y87na2knzylh-gcc-wrapper-11.3.0/bin/' '-frandom-seed=nb6bimzama' '-isystem' '/nix/store/ds6xh5pv5rz0c7qgjyk2qv6dy6sf2p3z-sfml-2.5.1/include' '-isystem' '/nix/store/pcvfia2yj946p4arz4018ax8g9rajby5-libGL-1.5.0-dev/include' '-isystem' '/nix/store/k4za15psddq0sa3kvy794034hk0hb0ag-libglvnd-1.5.0-dev/include' '-isystem' '/nix/store/pq8rjvbby1jpk2abgafv7s6c7ww1nm77-glu-9.0.2-dev/include' '-isystem' '/nix/store/cxhpfxf80pn9yrx9vp0krgscn3xr1083-libX11-1.8.1-dev/include' '-isystem' '/nix/store/zrkakdwv7g1gmd3b6ijd4azcilpg1hkg-xorgproto-2021.5/include' '-isystem' '/nix/store/zgn77akkyhdi5czzz929as1j872gbn04-libxcb-1.14-dev/include' '-isystem' '/nix/store/ds6xh5pv5rz0c7qgjyk2qv6dy6sf2p3z-sfml-2.5.1/include' '-isystem' '/nix/store/pcvfia2yj946p4arz4018ax8g9rajby5-libGL-1.5.0-dev/include' '-isystem' '/nix/store/k4za15psddq0sa3kvy794034hk0hb0ag-libglvnd-1.5.0-dev/include' '-isystem' '/nix/store/pq8rjvbby1jpk2abgafv7s6c7ww1nm77-glu-9.0.2-dev/include' '-isystem' '/nix/store/cxhpfxf80pn9yrx9vp0krgscn3xr1083-libX11-1.8.1-dev/include' '-isystem' '/nix/store/zrkakdwv7g1gmd3b6ijd4azcilpg1hkg-xorgproto-2021.5/include' '-isystem' '/nix/store/zgn77akkyhdi5czzz929as1j872gbn04-libxcb-1.14-dev/include' '-shared-libgcc' '-mtune=generic' '-march=x86-64' '-dumpdir' 'CMakeFiles/cmTC_50b41.dir/CMakeCXXCompilerABI.cpp.'
Linking CXX executable cmTC_50b41
/nix/store/rxb9zl1mdx9f2n3z0nyv9zhngj3f2pw0-cmake-3.24.3/bin/cmake -E cmake_link_script CMakeFiles/cmTC_50b41.dir/link.txt --verbose=1
/nix/store/dq0xwmsk1g0i2ayg6pb7y87na2knzylh-gcc-wrapper-11.3.0/bin/g++  -v CMakeFiles/cmTC_50b41.dir/CMakeCXXCompilerABI.cpp.o -o cmTC_50b41 
Using built-in specs.
COLLECT_GCC=/nix/store/1gf2flfqnpqbr1b4p4qz2f72y42bs56r-gcc-11.3.0/bin/g++
COLLECT_LTO_WRAPPER=/nix/store/1gf2flfqnpqbr1b4p4qz2f72y42bs56r-gcc-11.3.0/libexec/gcc/x86_64-unknown-linux-gnu/11.3.0/lto-wrapper
Target: x86_64-unknown-linux-gnu
Configured with: 
Thread model: posix
Supported LTO compression algorithms: zlib
gcc version 11.3.0 (GCC) 
COMPILER_PATH=/nix/store/4nlgxhb09sdr51nc9hdm8az5b08vzkgx-glibc-2.35-163/lib/:/nix/store/mdck89nsfisflwjv6xv8ydj7dj0sj2pn-gcc-11.3.0-lib/lib/:/nix/store/dq0xwmsk1g0i2ayg6pb7y87na2knzylh-gcc-wrapper-11.3.0/bin/:/nix/store/1gf2flfqnpqbr1b4p4qz2f72y42bs56r-gcc-11.3.0/libexec/gcc/x86_64-unknown-linux-gnu/11.3.0/:/nix/store/1gf2flfqnpqbr1b4p4qz2f72y42bs56r-gcc-11.3.0/libexec/gcc/x86_64-unknown-linux-gnu/11.3.0/:/nix/store/1gf2flfqnpqbr1b4p4qz2f72y42bs56r-gcc-11.3.0/libexec/gcc/x86_64-unknown-linux-gnu/:/nix/store/1gf2flfqnpqbr1b4p4qz2f72y42bs56r-gcc-11.3.0/lib/gcc/x86_64-unknown-linux-gnu/11.3.0/:/nix/store/1gf2flfqnpqbr1b4p4qz2f72y42bs56r-gcc-11.3.0/lib/gcc/x86_64-unknown-linux-gnu/
LIBRARY_PATH=/nix/store/4nlgxhb09sdr51nc9hdm8az5b08vzkgx-glibc-2.35-163/lib/:/nix/store/mdck89nsfisflwjv6xv8ydj7dj0sj2pn-gcc-11.3.0-lib/lib/:/nix/store/dq0xwmsk1g0i2ayg6pb7y87na2knzylh-gcc-wrapper-11.3.0/bin/:/nix/store/1gf2flfqnpqbr1b4p4qz2f72y42bs56r-gcc-11.3.0/lib/gcc/x86_64-unknown-linux-gnu/11.3.0/:/nix/store/1gf2flfqnpqbr1b4p4qz2f72y42bs56r-gcc-11.3.0/lib/gcc/x86_64-unknown-linux-gnu/11.3.0/../../../../lib64/:/nix/store/1gf2flfqnpqbr1b4p4qz2f72y42bs56r-gcc-11.3.0/lib/gcc/x86_64-unknown-linux-gnu/11.3.0/../../../
COLLECT_GCC_OPTIONS='-fPIC' '-Wformat=1' '-Wformat-security' '-Werror=format-security' '-fstack-protector-strong' '--param=ssp-buffer-size=4' '-O2' '-U' '_FORTIFY_SOURCE' '-D' '_FORTIFY_SOURCE=2' '-fno-strict-overflow' '-v' '-o' 'cmTC_50b41' '-B' '/nix/store/4nlgxhb09sdr51nc9hdm8az5b08vzkgx-glibc-2.35-163/lib/' '-idirafter' '/nix/store/4pqv2mwdn88h7xvsm7a5zplrd8sxzvw0-glibc-2.35-163-dev/include' '-idirafter' '/nix/store/1gf2flfqnpqbr1b4p4qz2f72y42bs56r-gcc-11.3.0/lib/gcc/x86_64-unknown-linux-gnu/11.3.0/include-fixed' '-B' '/nix/store/mdck89nsfisflwjv6xv8ydj7dj0sj2pn-gcc-11.3.0-lib/lib' '-B' '/nix/store/dq0xwmsk1g0i2ayg6pb7y87na2knzylh-gcc-wrapper-11.3.0/bin/' '-frandom-seed=nb6bimzama' '-isystem' '/nix/store/ds6xh5pv5rz0c7qgjyk2qv6dy6sf2p3z-sfml-2.5.1/include' '-isystem' '/nix/store/pcvfia2yj946p4arz4018ax8g9rajby5-libGL-1.5.0-dev/include' '-isystem' '/nix/store/k4za15psddq0sa3kvy794034hk0hb0ag-libglvnd-1.5.0-dev/include' '-isystem' '/nix/store/pq8rjvbby1jpk2abgafv7s6c7ww1nm77-glu-9.0.2-dev/include' '-isystem' '/nix/store/cxhpfxf80pn9yrx9vp0krgscn3xr1083-libX11-1.8.1-dev/include' '-isystem' '/nix/store/zrkakdwv7g1gmd3b6ijd4azcilpg1hkg-xorgproto-2021.5/include' '-isystem' '/nix/store/zgn77akkyhdi5czzz929as1j872gbn04-libxcb-1.14-dev/include' '-isystem' '/nix/store/ds6xh5pv5rz0c7qgjyk2qv6dy6sf2p3z-sfml-2.5.1/include' '-isystem' '/nix/store/pcvfia2yj946p4arz4018ax8g9rajby5-libGL-1.5.0-dev/include' '-isystem' '/nix/store/k4za15psddq0sa3kvy794034hk0hb0ag-libglvnd-1.5.0-dev/include' '-isystem' '/nix/store/pq8rjvbby1jpk2abgafv7s6c7ww1nm77-glu-9.0.2-dev/include' '-isystem' '/nix/store/cxhpfxf80pn9yrx9vp0krgscn3xr1083-libX11-1.8.1-dev/include' '-isystem' '/nix/store/zrkakdwv7g1gmd3b6ijd4azcilpg1hkg-xorgproto-2021.5/include' '-isystem' '/nix/store/zgn77akkyhdi5czzz929as1j872gbn04-libxcb-1.14-dev/include' '-L/nix/store/ds6xh5pv5rz0c7qgjyk2qv6dy6sf2p3z-sfml-2.5.1/lib' '-L/nix/store/bv69g8bk73m15y3pq0wy15y9v99arwsn-libGL-1.5.0/lib' '-L/nix/store/cxhib72pd7n3fzl1yh6lrm4q16l42kws-libglvnd-1.5.0/lib' '-L/nix/store/bd4m98298qawa6chjq9mfi98xqd73hbl-glu-9.0.2/lib' '-L/nix/store/xs3v53gpwwpz34aj5h51rz4wxmjfrf08-libxcb-1.14/lib' '-L/nix/store/w3zzhfl4a7xp0xfflz2gawv02y8ba9z8-libX11-1.8.1/lib' '-L/nix/store/ds6xh5pv5rz0c7qgjyk2qv6dy6sf2p3z-sfml-2.5.1/lib' '-L/nix/store/bv69g8bk73m15y3pq0wy15y9v99arwsn-libGL-1.5.0/lib' '-L/nix/store/cxhib72pd7n3fzl1yh6lrm4q16l42kws-libglvnd-1.5.0/lib' '-L/nix/store/bd4m98298qawa6chjq9mfi98xqd73hbl-glu-9.0.2/lib' '-L/nix/store/xs3v53gpwwpz34aj5h51rz4wxmjfrf08-libxcb-1.14/lib' '-L/nix/store/w3zzhfl4a7xp0xfflz2gawv02y8ba9z8-libX11-1.8.1/lib' '-L/nix/store/4nlgxhb09sdr51nc9hdm8az5b08vzkgx-glibc-2.35-163/lib' '-L/nix/store/mdck89nsfisflwjv6xv8ydj7dj0sj2pn-gcc-11.3.0-lib/lib' '-shared-libgcc' '-mtune=generic' '-march=x86-64' '-dumpdir' 'cmTC_50b41.'
 /nix/store/1gf2flfqnpqbr1b4p4qz2f72y42bs56r-gcc-11.3.0/libexec/gcc/x86_64-unknown-linux-gnu/11.3.0/collect2 -plugin /nix/store/1gf2flfqnpqbr1b4p4qz2f72y42bs56r-gcc-11.3.0/libexec/gcc/x86_64-unknown-linux-gnu/11.3.0/liblto_plugin.so -plugin-opt=/nix/store/1gf2flfqnpqbr1b4p4qz2f72y42bs56r-gcc-11.3.0/libexec/gcc/x86_64-unknown-linux-gnu/11.3.0/lto-wrapper -plugin-opt=-fresolution=/tmp/nix-shell.GYf8xQ/ccDn4N1O.res -plugin-opt=-pass-through=-lgcc_s -plugin-opt=-pass-through=-lgcc -plugin-opt=-pass-through=-lc -plugin-opt=-pass-through=-lgcc_s -plugin-opt=-pass-through=-lgcc --eh-frame-hdr -m elf_x86_64 -dynamic-linker /nix/store/4nlgxhb09sdr51nc9hdm8az5b08vzkgx-glibc-2.35-163/lib64/ld-linux-x86-64.so.2 -o cmTC_50b41 /nix/store/4nlgxhb09sdr51nc9hdm8az5b08vzkgx-glibc-2.35-163/lib/crt1.o /nix/store/4nlgxhb09sdr51nc9hdm8az5b08vzkgx-glibc-2.35-163/lib/crti.o /nix/store/1gf2flfqnpqbr1b4p4qz2f72y42bs56r-gcc-11.3.0/lib/gcc/x86_64-unknown-linux-gnu/11.3.0/crtbegin.o -L/nix/store/ds6xh5pv5rz0c7qgjyk2qv6dy6sf2p3z-sfml-2.5.1/lib -L/nix/store/bv69g8bk73m15y3pq0wy15y9v99arwsn-libGL-1.5.0/lib -L/nix/store/cxhib72pd7n3fzl1yh6lrm4q16l42kws-libglvnd-1.5.0/lib -L/nix/store/bd4m98298qawa6chjq9mfi98xqd73hbl-glu-9.0.2/lib -L/nix/store/xs3v53gpwwpz34aj5h51rz4wxmjfrf08-libxcb-1.14/lib -L/nix/store/w3zzhfl4a7xp0xfflz2gawv02y8ba9z8-libX11-1.8.1/lib -L/nix/store/ds6xh5pv5rz0c7qgjyk2qv6dy6sf2p3z-sfml-2.5.1/lib -L/nix/store/bv69g8bk73m15y3pq0wy15y9v99arwsn-libGL-1.5.0/lib -L/nix/store/cxhib72pd7n3fzl1yh6lrm4q16l42kws-libglvnd-1.5.0/lib -L/nix/store/bd4m98298qawa6chjq9mfi98xqd73hbl-glu-9.0.2/lib -L/nix/store/xs3v53gpwwpz34aj5h51rz4wxmjfrf08-libxcb-1.14/lib -L/nix/store/w3zzhfl4a7xp0xfflz2gawv02y8ba9z8-libX11-1.8.1/lib -L/nix/store/4nlgxhb09sdr51nc9hdm8az5b08vzkgx-glibc-2.35-163/lib -L/nix/store/mdck89nsfisflwjv6xv8ydj7dj0sj2pn-gcc-11.3.0-lib/lib -L/nix/store/4nlgxhb09sdr51nc9hdm8az5b08vzkgx-glibc-2.35-163/lib -L/nix/store/mdck89nsfisflwjv6xv8ydj7dj0sj2pn-gcc-11.3.0-lib/lib -L/nix/store/dq0xwmsk1g0i2ayg6pb7y87na2knzylh-gcc-wrapper-11.3.0/bin -L/nix/store/1gf2flfqnpqbr1b4p4qz2f72y42bs56r-gcc-11.3.0/lib/gcc/x86_64-unknown-linux-gnu/11.3.0 -L/nix/store/1gf2flfqnpqbr1b4p4qz2f72y42bs56r-gcc-11.3.0/lib/gcc/x86_64-unknown-linux-gnu/11.3.0/../../../../lib64 -L/nix/store/1gf2flfqnpqbr1b4p4qz2f72y42bs56r-gcc-11.3.0/lib/gcc/x86_64-unknown-linux-gnu/11.3.0/../../.. -dynamic-linker=/nix/store/4nlgxhb09sdr51nc9hdm8az5b08vzkgx-glibc-2.35-163/lib/ld-linux-x86-64.so.2 CMakeFiles/cmTC_50b41.dir/CMakeCXXCompilerABI.cpp.o -rpath /home/sami/Code/study/c_cpp/SFML/TecProg_Game/outputs/out/lib64 -rpath /home/sami/Code/study/c_cpp/SFML/TecProg_Game/outputs/out/lib -lstdc++ -lm -lgcc_s -lgcc -lc -lgcc_s -lgcc /nix/store/1gf2flfqnpqbr1b4p4qz2f72y42bs56r-gcc-11.3.0/lib/gcc/x86_64-unknown-linux-gnu/11.3.0/crtend.o /nix/store/4nlgxhb09sdr51nc9hdm8az5b08vzkgx-glibc-2.35-163/lib/crtn.o
COLLECT_GCC_OPTIONS='-fPIC' '-Wformat=1' '-Wformat-security' '-Werror=format-security' '-fstack-protector-strong' '--param=ssp-buffer-size=4' '-O2' '-U' '_FORTIFY_SOURCE' '-D' '_FORTIFY_SOURCE=2' '-fno-strict-overflow' '-v' '-o' 'cmTC_50b41' '-B' '/nix/store/4nlgxhb09sdr51nc9hdm8az5b08vzkgx-glibc-2.35-163/lib/' '-idirafter' '/nix/store/4pqv2mwdn88h7xvsm7a5zplrd8sxzvw0-glibc-2.35-163-dev/include' '-idirafter' '/nix/store/1gf2flfqnpqbr1b4p4qz2f72y42bs56r-gcc-11.3.0/lib/gcc/x86_64-unknown-linux-gnu/11.3.0/include-fixed' '-B' '/nix/store/mdck89nsfisflwjv6xv8ydj7dj0sj2pn-gcc-11.3.0-lib/lib' '-B' '/nix/store/dq0xwmsk1g0i2ayg6pb7y87na2knzylh-gcc-wrapper-11.3.0/bin/' '-frandom-seed=nb6bimzama' '-isystem' '/nix/store/ds6xh5pv5rz0c7qgjyk2qv6dy6sf2p3z-sfml-2.5.1/include' '-isystem' '/nix/store/pcvfia2yj946p4arz4018ax8g9rajby5-libGL-1.5.0-dev/include' '-isystem' '/nix/store/k4za15psddq0sa3kvy794034hk0hb0ag-libglvnd-1.5.0-dev/include' '-isystem' '/nix/store/pq8rjvbby1jpk2abgafv7s6c7ww1nm77-glu-9.0.2-dev/include' '-isystem' '/nix/store/cxhpfxf80pn9yrx9vp0krgscn3xr1083-libX11-1.8.1-dev/include' '-isystem' '/nix/store/zrkakdwv7g1gmd3b6ijd4azcilpg1hkg-xorgproto-2021.5/include' '-isystem' '/nix/store/zgn77akkyhdi5czzz929as1j872gbn04-libxcb-1.14-dev/include' '-isystem' '/nix/store/ds6xh5pv5rz0c7qgjyk2qv6dy6sf2p3z-sfml-2.5.1/include' '-isystem' '/nix/store/pcvfia2yj946p4arz4018ax8g9rajby5-libGL-1.5.0-dev/include' '-isystem' '/nix/store/k4za15psddq0sa3kvy794034hk0hb0ag-libglvnd-1.5.0-dev/include' '-isystem' '/nix/store/pq8rjvbby1jpk2abgafv7s6c7ww1nm77-glu-9.0.2-dev/include' '-isystem' '/nix/store/cxhpfxf80pn9yrx9vp0krgscn3xr1083-libX11-1.8.1-dev/include' '-isystem' '/nix/store/zrkakdwv7g1gmd3b6ijd4azcilpg1hkg-xorgproto-2021.5/include' '-isystem' '/nix/store/zgn77akkyhdi5czzz929as1j872gbn04-libxcb-1.14-dev/include' '-L/nix/store/ds6xh5pv5rz0c7qgjyk2qv6dy6sf2p3z-sfml-2.5.1/lib' '-L/nix/store/bv69g8bk73m15y3pq0wy15y9v99arwsn-libGL-1.5.0/lib' '-L/nix/store/cxhib72pd7n3fzl1yh6lrm4q16l42kws-libglvnd-1.5.0/lib' '-L/nix/store/bd4m98298qawa6chjq9mfi98xqd73hbl-glu-9.0.2/lib' '-L/nix/store/xs3v53gpwwpz34aj5h51rz4wxmjfrf08-libxcb-1.14/lib' '-L/nix/store/w3zzhfl4a7xp0xfflz2gawv02y8ba9z8-libX11-1.8.1/lib' '-L/nix/store/ds6xh5pv5rz0c7qgjyk2qv6dy6sf2p3z-sfml-2.5.1/lib' '-L/nix/store/bv69g8bk73m15y3pq0wy15y9v99arwsn-libGL-1.5.0/lib' '-L/nix/store/cxhib72pd7n3fzl1yh6lrm4q16l42kws-libglvnd-1.5.0/lib' '-L/nix/store/bd4m98298qawa6chjq9mfi98xqd73hbl-glu-9.0.2/lib' '-L/nix/store/xs3v53gpwwpz34aj5h51rz4wxmjfrf08-libxcb-1.14/lib' '-L/nix/store/w3zzhfl4a7xp0xfflz2gawv02y8ba9z8-libX11-1.8.1/lib' '-L/nix/store/4nlgxhb09sdr51nc9hdm8az5b08vzkgx-glibc-2.35-163/lib' '-L/nix/store/mdck89nsfisflwjv6xv8ydj7dj0sj2pn-gcc-11.3.0-lib/lib' '-shared-libgcc' '-mtune=generic' '-march=x86-64' '-dumpdir' 'cmTC_50b41.'
make[1]: Leaving directory '/home/sami/Code/study/c_cpp/SFML/TecProg_Game/build/CMakeFiles/CMakeTmp'



Parsed CXX implicit include dir info from above output: rv=done
  found start of include info
  found start of implicit include info
    add: [/nix/store/ds6xh5pv5rz0c7qgjyk2qv6dy6sf2p3z-sfml-2.5.1/include]
    add: [/nix/store/pcvfia2yj946p4arz4018ax8g9rajby5-libGL-1.5.0-dev/include]
    add: [/nix/store/pq8rjvbby1jpk2abgafv7s6c7ww1nm77-glu-9.0.2-dev/include]
    add: [/nix/store/cxhpfxf80pn9yrx9vp0krgscn3xr1083-libX11-1.8.1-dev/include]
    add: [/nix/store/zrkakdwv7g1gmd3b6ijd4azcilpg1hkg-xorgproto-2021.5/include]
    add: [/nix/store/zgn77akkyhdi5czzz929as1j872gbn04-libxcb-1.14-dev/include]
    add: [/nix/store/1gf2flfqnpqbr1b4p4qz2f72y42bs56r-gcc-11.3.0/lib/gcc/x86_64-unknown-linux-gnu/11.3.0/../../../../include/c++/11.3.0]
    add: [/nix/store/1gf2flfqnpqbr1b4p4qz2f72y42bs56r-gcc-11.3.0/lib/gcc/x86_64-unknown-linux-gnu/11.3.0/../../../../include/c++/11.3.0/x86_64-unknown-linux-gnu]
    add: [/nix/store/1gf2flfqnpqbr1b4p4qz2f72y42bs56r-gcc-11.3.0/lib/gcc/x86_64-unknown-linux-gnu/11.3.0/../../../../include/c++/11.3.0/backward]
    add: [/nix/store/1gf2flfqnpqbr1b4p4qz2f72y42bs56r-gcc-11.3.0/lib/gcc/x86_64-unknown-linux-gnu/11.3.0/include]
    add: [/nix/store/1gf2flfqnpqbr1b4p4qz2f72y42bs56r-gcc-11.3.0/include]
    add: [/nix/store/1gf2flfqnpqbr1b4p4qz2f72y42bs56r-gcc-11.3.0/lib/gcc/x86_64-unknown-linux-gnu/11.3.0/include-fixed]
    add: [/nix/store/4pqv2mwdn88h7xvsm7a5zplrd8sxzvw0-glibc-2.35-163-dev/include]
  end of search list found
  collapse include dir [/nix/store/ds6xh5pv5rz0c7qgjyk2qv6dy6sf2p3z-sfml-2.5.1/include] ==> [/nix/store/ds6xh5pv5rz0c7qgjyk2qv6dy6sf2p3z-sfml-2.5.1/include]
  collapse include dir [/nix/store/pcvfia2yj946p4arz4018ax8g9rajby5-libGL-1.5.0-dev/include] ==> [/nix/store/pcvfia2yj946p4arz4018ax8g9rajby5-libGL-1.5.0-dev/include]
  collapse include dir [/nix/store/pq8rjvbby1jpk2abgafv7s6c7ww1nm77-glu-9.0.2-dev/include] ==> [/nix/store/pq8rjvbby1jpk2abgafv7s6c7ww1nm77-glu-9.0.2-dev/include]
  collapse include dir [/nix/store/cxhpfxf80pn9yrx9vp0krgscn3xr1083-libX11-1.8.1-dev/include] ==> [/nix/store/cxhpfxf80pn9yrx9vp0krgscn3xr1083-libX11-1.8.1-dev/include]
  collapse include dir [/nix/store/zrkakdwv7g1gmd3b6ijd4azcilpg1hkg-xorgproto-2021.5/include] ==> [/nix/store/zrkakdwv7g1gmd3b6ijd4azcilpg1hkg-xorgproto-2021.5/include]
  collapse include dir [/nix/store/zgn77akkyhdi5czzz929as1j872gbn04-libxcb-1.14-dev/include] ==> [/nix/store/zgn77akkyhdi5czzz929as1j872gbn04-libxcb-1.14-dev/include]
  collapse include dir [/nix/store/1gf2flfqnpqbr1b4p4qz2f72y42bs56r-gcc-11.3.0/lib/gcc/x86_64-unknown-linux-gnu/11.3.0/../../../../include/c++/11.3.0] ==> [/nix/store/1gf2flfqnpqbr1b4p4qz2f72y42bs56r-gcc-11.3.0/include/c++/11.3.0]
  collapse include dir [/nix/store/1gf2flfqnpqbr1b4p4qz2f72y42bs56r-gcc-11.3.0/lib/gcc/x86_64-unknown-linux-gnu/11.3.0/../../../../include/c++/11.3.0/x86_64-unknown-linux-gnu] ==> [/nix/store/1gf2flfqnpqbr1b4p4qz2f72y42bs56r-gcc-11.3.0/include/c++/11.3.0/x86_64-unknown-linux-gnu]
  collapse include dir [/nix/store/1gf2flfqnpqbr1b4p4qz2f72y42bs56r-gcc-11.3.0/lib/gcc/x86_64-unknown-linux-gnu/11.3.0/../../../../include/c++/11.3.0/backward] ==> [/nix/store/1gf2flfqnpqbr1b4p4qz2f72y42bs56r-gcc-11.3.0/include/c++/11.3.0/backward]
  collapse include dir [/nix/store/1gf2flfqnpqbr1b4p4qz2f72y42bs56r-gcc-11.3.0/lib/gcc/x86_64-unknown-linux-gnu/11.3.0/include] ==> [/nix/store/1gf2flfqnpqbr1b4p4qz2f72y42bs56r-gcc-11.3.0/lib/gcc/x86_64-unknown-linux-gnu/11.3.0/include]
  collapse include dir [/nix/store/1gf2flfqnpqbr1b4p4qz2f72y42bs56r-gcc-11.3.0/include] ==> [/nix/store/1gf2flfqnpqbr1b4p4qz2f72y42bs56r-gcc-11.3.0/include]
  collapse include dir [/nix/store/1gf2flfqnpqbr1b4p4qz2f72y42bs56r-gcc-11.3.0/lib/gcc/x86_64-unknown-linux-gnu/11.3.0/include-fixed] ==> [/nix/store/1gf2flfqnpqbr1b4p4qz2f72y42bs56r-gcc-11.3.0/lib/gcc/x86_64-unknown-linux-gnu/11.3.0/include-fixed]
  collapse include dir [/nix/store/4pqv2mwdn88h7xvsm7a5zplrd8sxzvw0-glibc-2.35-163-dev/include] ==> [/nix/store/4pqv2mwdn88h7xvsm7a5zplrd8sxzvw0-glibc-2.35-163-dev/include]
  implicit include dirs: [/nix/store/ds6xh5pv5rz0c7qgjyk2qv6dy6sf2p3z-sfml-2.5.1/include;/nix/store/pcvfia2yj946p4arz4018ax8g9rajby5-libGL-1.5.0-dev/include;/nix/store/pq8rjvbby1jpk2abgafv7s6c7ww1nm77-glu-9.0.2-dev/include;/nix/store/cxhpfxf80pn9yrx9vp0krgscn3xr1083-libX11-1.8.1-dev/include;/nix/store/zrkakdwv7g1gmd3b6ijd4azcilpg1hkg-xorgproto-2021.5/include;/nix/store/zgn77akkyhdi5czzz929as1j872gbn04-libxcb-1.14-dev/include;/nix/store/1gf2flfqnpqbr1b4p4qz2f72y42bs56r-gcc-11.3.0/include/c++/11.3.0;/nix/store/1gf2flfqnpqbr1b4p4qz2f72y42bs56r-gcc-11.3.0/include/c++/11.3.0/x86_64-unknown-linux-gnu;/nix/store/1gf2flfqnpqbr1b4p4qz2f72y42bs56r-gcc-11.3.0/include/c++/11.3.0/backward;/nix/store/1gf2flfqnpqbr1b4p4qz2f72y42bs56r-gcc-11.3.0/lib/gcc/x86_64-unknown-linux-gnu/11.3.0/include;/nix/store/1gf2flfqnpqbr1b4p4qz2f72y42bs56r-gcc-11.3.0/include;/nix/store/1gf2flfqnpqbr1b4p4qz2f72y42bs56r-gcc-11.3.0/lib/gcc/x86_64-unknown-linux-gnu/11.3.0/include-fixed;/nix/store/4pqv2mwdn88h7xvsm7a5zplrd8sxzvw0-glibc-2.35-163-dev/include]


Parsed CXX implicit link information from above output:
  link line regex: [^( *|.*[/\])(ld|CMAKE_LINK_STARTFILE-NOTFOUND|([^/\]+-)?ld|collect2)[^/\]*( |$)]
  ignore line: [Change Dir: /home/sami/Code/study/c_cpp/SFML/TecProg_Game/build/CMakeFiles/CMakeTmp]
  ignore line: []
  ignore line: [Run Build Command(s):/nix/store/mblgz65m3zv9x548a3d5m96fj2pbwr09-gnumake-4.3/bin/make -f Makefile cmTC_50b41/fast && /nix/store/mblgz65m3zv9x548a3d5m96fj2pbwr09-gnumake-4.3/bin/make  -f CMakeFiles/cmTC_50b41.dir/build.make CMakeFiles/cmTC_50b41.dir/build]
  ignore line: [make[1]: Entering directory '/home/sami/Code/study/c_cpp/SFML/TecProg_Game/build/CMakeFiles/CMakeTmp']
  ignore line: [Building CXX object CMakeFiles/cmTC_50b41.dir/CMakeCXXCompilerABI.cpp.o]
  ignore line: [/nix/store/dq0xwmsk1g0i2ayg6pb7y87na2knzylh-gcc-wrapper-11.3.0/bin/g++   -v -o CMakeFiles/cmTC_50b41.dir/CMakeCXXCompilerABI.cpp.o -c /nix/store/rxb9zl1mdx9f2n3z0nyv9zhngj3f2pw0-cmake-3.24.3/share/cmake-3.24/Modules/CMakeCXXCompilerABI.cpp]
  ignore line: [Using built-in specs.]
  ignore line: [COLLECT_GCC=/nix/store/1gf2flfqnpqbr1b4p4qz2f72y42bs56r-gcc-11.3.0/bin/g++]
  ignore line: [Target: x86_64-unknown-linux-gnu]
  ignore line: [Configured with: ]
  ignore line: [Thread model: posix]
  ignore line: [Supported LTO compression algorithms: zlib]
  ignore line: [gcc version 11.3.0 (GCC) ]
  ignore line: [COLLECT_GCC_OPTIONS='-fPIC' '-Wformat=1' '-Wformat-security' '-Werror=format-security' '-fstack-protector-strong' '--param=ssp-buffer-size=4' '-O2' '-U' '_FORTIFY_SOURCE' '-D' '_FORTIFY_SOURCE=2' '-fno-strict-overflow' '-v' '-o' 'CMakeFiles/cmTC_50b41.dir/CMakeCXXCompilerABI.cpp.o' '-c' '-B' '/nix/store/4nlgxhb09sdr51nc9hdm8az5b08vzkgx-glibc-2.35-163/lib/' '-idirafter' '/nix/store/4pqv2mwdn88h7xvsm7a5zplrd8sxzvw0-glibc-2.35-163-dev/include' '-idirafter' '/nix/store/1gf2flfqnpqbr1b4p4qz2f72y42bs56r-gcc-11.3.0/lib/gcc/x86_64-unknown-linux-gnu/11.3.0/include-fixed' '-B' '/nix/store/mdck89nsfisflwjv6xv8ydj7dj0sj2pn-gcc-11.3.0-lib/lib' '-B' '/nix/store/dq0xwmsk1g0i2ayg6pb7y87na2knzylh-gcc-wrapper-11.3.0/bin/' '-frandom-seed=nb6bimzama' '-isystem' '/nix/store/ds6xh5pv5rz0c7qgjyk2qv6dy6sf2p3z-sfml-2.5.1/include' '-isystem' '/nix/store/pcvfia2yj946p4arz4018ax8g9rajby5-libGL-1.5.0-dev/include' '-isystem' '/nix/store/k4za15psddq0sa3kvy794034hk0hb0ag-libglvnd-1.5.0-dev/include' '-isystem' '/nix/store/pq8rjvbby1jpk2abgafv7s6c7ww1nm77-glu-9.0.2-dev/include' '-isystem' '/nix/store/cxhpfxf80pn9yrx9vp0krgscn3xr1083-libX11-1.8.1-dev/include' '-isystem' '/nix/store/zrkakdwv7g1gmd3b6ijd4azcilpg1hkg-xorgproto-2021.5/include' '-isystem' '/nix/store/zgn77akkyhdi5czzz929as1j872gbn04-libxcb-1.14-dev/include' '-isystem' '/nix/store/ds6xh5pv5rz0c7qgjyk2qv6dy6sf2p3z-sfml-2.5.1/include' '-isystem' '/nix/store/pcvfia2yj946p4arz4018ax8g9rajby5-libGL-1.5.0-dev/include' '-isystem' '/nix/store/k4za15psddq0sa3kvy794034hk0hb0ag-libglvnd-1.5.0-dev/include' '-isystem' '/nix/store/pq8rjvbby1jpk2abgafv7s6c7ww1nm77-glu-9.0.2-dev/include' '-isystem' '/nix/store/cxhpfxf80pn9yrx9vp0krgscn3xr1083-libX11-1.8.1-dev/include' '-isystem' '/nix/store/zrkakdwv7g1gmd3b6ijd4azcilpg1hkg-xorgproto-2021.5/include' '-isystem' '/nix/store/zgn77akkyhdi5czzz929as1j872gbn04-libxcb-1.14-dev/include' '-shared-libgcc' '-mtune=generic' '-march=x86-64' '-dumpdir' 'CMakeFiles/cmTC_50b41.dir/']
  ignore line: [ /nix/store/1gf2flfqnpqbr1b4p4qz2f72y42bs56r-gcc-11.3.0/libexec/gcc/x86_64-unknown-linux-gnu/11.3.0/cc1plus -quiet -v -D_GNU_SOURCE -U _FORTIFY_SOURCE -D _FORTIFY_SOURCE=2 -idirafter /nix/store/4pqv2mwdn88h7xvsm7a5zplrd8sxzvw0-glibc-2.35-163-dev/include -idirafter /nix/store/1gf2flfqnpqbr1b4p4qz2f72y42bs56r-gcc-11.3.0/lib/gcc/x86_64-unknown-linux-gnu/11.3.0/include-fixed -isystem /nix/store/ds6xh5pv5rz0c7qgjyk2qv6dy6sf2p3z-sfml-2.5.1/include -isystem /nix/store/pcvfia2yj946p4arz4018ax8g9rajby5-libGL-1.5.0-dev/include -isystem /nix/store/k4za15psddq0sa3kvy794034hk0hb0ag-libglvnd-1.5.0-dev/include -isystem /nix/store/pq8rjvbby1jpk2abgafv7s6c7ww1nm77-glu-9.0.2-dev/include -isystem /nix/store/cxhpfxf80pn9yrx9vp0krgscn3xr1083-libX11-1.8.1-dev/include -isystem /nix/store/zrkakdwv7g1gmd3b6ijd4azcilpg1hkg-xorgproto-2021.5/include -isystem /nix/store/zgn77akkyhdi5czzz929as1j872gbn04-libxcb-1.14-dev/include -isystem /nix/store/ds6xh5pv5rz0c7qgjyk2qv6dy6sf2p3z-sfml-2.5.1/include -isystem /nix/store/pcvfia2yj946p4arz4018ax8g9rajby5-libGL-1.5.0-dev/include -isystem /nix/store/k4za15psddq0sa3kvy794034hk0hb0ag-libglvnd-1.5.0-dev/include -isystem /nix/store/pq8rjvbby1jpk2abgafv7s6c7ww1nm77-glu-9.0.2-dev/include -isystem /nix/store/cxhpfxf80pn9yrx9vp0krgscn3xr1083-libX11-1.8.1-dev/include -isystem /nix/store/zrkakdwv7g1gmd3b6ijd4azcilpg1hkg-xorgproto-2021.5/include -isystem /nix/store/zgn77akkyhdi5czzz929as1j872gbn04-libxcb-1.14-dev/include /nix/store/rxb9zl1mdx9f2n3z0nyv9zhngj3f2pw0-cmake-3.24.3/share/cmake-3.24/Modules/CMakeCXXCompilerABI.cpp -quiet -dumpdir CMakeFiles/cmTC_50b41.dir/ -dumpbase CMakeCXXCompilerABI.cpp.cpp -dumpbase-ext .cpp -mtune=generic -march=x86-64 -O2 -Wformat=1 -Wformat-security -Werror=format-security -version -fPIC -fstack-protector-strong -fno-strict-overflow -frandom-seed=nb6bimzama --param=ssp-buffer-size=4 -o /tmp/nix-shell.GYf8xQ/ccHtoV4d.s]
  ignore line: [GNU C++17 (GCC) version 11.3.0 (x86_64-unknown-linux-gnu)]
  ignore line: [	compiled by GNU C version 11.3.0  GMP version 6.2.1  MPFR version 4.1.0  MPC version 1.2.1  isl version isl-0.20-GMP]
  ignore line: []
  ignore line: [GGC heuristics: --param ggc-min-expand=100 --param ggc-min-heapsize=131072]
  ignore line: [ignoring duplicate directory "/nix/store/k4za15psddq0sa3kvy794034hk0hb0ag-libglvnd-1.5.0-dev/include"]
  ignore line: [ignoring duplicate directory "/nix/store/ds6xh5pv5rz0c7qgjyk2qv6dy6sf2p3z-sfml-2.5.1/include"]
  ignore line: [ignoring duplicate directory "/nix/store/pcvfia2yj946p4arz4018ax8g9rajby5-libGL-1.5.0-dev/include"]
  ignore line: [ignoring duplicate directory "/nix/store/k4za15psddq0sa3kvy794034hk0hb0ag-libglvnd-1.5.0-dev/include"]
  ignore line: [ignoring duplicate directory "/nix/store/pq8rjvbby1jpk2abgafv7s6c7ww1nm77-glu-9.0.2-dev/include"]
  ignore line: [ignoring duplicate directory "/nix/store/cxhpfxf80pn9yrx9vp0krgscn3xr1083-libX11-1.8.1-dev/include"]
  ignore line: [ignoring duplicate directory "/nix/store/zrkakdwv7g1gmd3b6ijd4azcilpg1hkg-xorgproto-2021.5/include"]
  ignore line: [ignoring duplicate directory "/nix/store/zgn77akkyhdi5czzz929as1j872gbn04-libxcb-1.14-dev/include"]
  ignore line: [ignoring nonexistent directory "/nix/store/1gf2flfqnpqbr1b4p4qz2f72y42bs56r-gcc-11.3.0/lib/gcc/x86_64-unknown-linux-gnu/11.3.0/../../../../x86_64-unknown-linux-gnu/include"]
  ignore line: [ignoring duplicate directory "/nix/store/4pqv2mwdn88h7xvsm7a5zplrd8sxzvw0-glibc-2.35-163-dev/include"]
  ignore line: [ignoring duplicate directory "/nix/store/1gf2flfqnpqbr1b4p4qz2f72y42bs56r-gcc-11.3.0/lib/gcc/x86_64-unknown-linux-gnu/11.3.0/include-fixed"]
  ignore line: [#include "..." search starts here:]
  ignore line: [#include <...> search starts here:]
  ignore line: [ /nix/store/ds6xh5pv5rz0c7qgjyk2qv6dy6sf2p3z-sfml-2.5.1/include]
  ignore line: [ /nix/store/pcvfia2yj946p4arz4018ax8g9rajby5-libGL-1.5.0-dev/include]
  ignore line: [ /nix/store/pq8rjvbby1jpk2abgafv7s6c7ww1nm77-glu-9.0.2-dev/include]
  ignore line: [ /nix/store/cxhpfxf80pn9yrx9vp0krgscn3xr1083-libX11-1.8.1-dev/include]
  ignore line: [ /nix/store/zrkakdwv7g1gmd3b6ijd4azcilpg1hkg-xorgproto-2021.5/include]
  ignore line: [ /nix/store/zgn77akkyhdi5czzz929as1j872gbn04-libxcb-1.14-dev/include]
  ignore line: [ /nix/store/1gf2flfqnpqbr1b4p4qz2f72y42bs56r-gcc-11.3.0/lib/gcc/x86_64-unknown-linux-gnu/11.3.0/../../../../include/c++/11.3.0]
  ignore line: [ /nix/store/1gf2flfqnpqbr1b4p4qz2f72y42bs56r-gcc-11.3.0/lib/gcc/x86_64-unknown-linux-gnu/11.3.0/../../../../include/c++/11.3.0/x86_64-unknown-linux-gnu]
  ignore line: [ /nix/store/1gf2flfqnpqbr1b4p4qz2f72y42bs56r-gcc-11.3.0/lib/gcc/x86_64-unknown-linux-gnu/11.3.0/../../../../include/c++/11.3.0/backward]
  ignore line: [ /nix/store/1gf2flfqnpqbr1b4p4qz2f72y42bs56r-gcc-11.3.0/lib/gcc/x86_64-unknown-linux-gnu/11.3.0/include]
  ignore line: [ /nix/store/1gf2flfqnpqbr1b4p4qz2f72y42bs56r-gcc-11.3.0/include]
  ignore line: [ /nix/store/1gf2flfqnpqbr1b4p4qz2f72y42bs56r-gcc-11.3.0/lib/gcc/x86_64-unknown-linux-gnu/11.3.0/include-fixed]
  ignore line: [ /nix/store/4pqv2mwdn88h7xvsm7a5zplrd8sxzvw0-glibc-2.35-163-dev/include]
  ignore line: [End of search list.]
  ignore line: [GNU C++17 (GCC) version 11.3.0 (x86_64-unknown-linux-gnu)]
  ignore line: [	compiled by GNU C version 11.3.0  GMP version 6.2.1  MPFR version 4.1.0  MPC version 1.2.1  isl version isl-0.20-GMP]
  ignore line: []
  ignore line: [GGC heuristics: --param ggc-min-expand=100 --param ggc-min-heapsize=131072]
  ignore line: [Compiler executable checksum: d04f28bc88b132d3fad73fe71e3cf55c]
  ignore line: [COLLECT_GCC_OPTIONS='-fPIC' '-Wformat=1' '-Wformat-security' '-Werror=format-security' '-fstack-protector-strong' '--param=ssp-buffer-size=4' '-O2' '-U' '_FORTIFY_SOURCE' '-D' '_FORTIFY_SOURCE=2' '-fno-strict-overflow' '-v' '-o' 'CMakeFiles/cmTC_50b41.dir/CMakeCXXCompilerABI.cpp.o' '-c' '-B' '/nix/store/4nlgxhb09sdr51nc9hdm8az5b08vzkgx-glibc-2.35-163/lib/' '-idirafter' '/nix/store/4pqv2mwdn88h7xvsm7a5zplrd8sxzvw0-glibc-2.35-163-dev/include' '-idirafter' '/nix/store/1gf2flfqnpqbr1b4p4qz2f72y42bs56r-gcc-11.3.0/lib/gcc/x86_64-unknown-linux-gnu/11.3.0/include-fixed' '-B' '/nix/store/mdck89nsfisflwjv6xv8ydj7dj0sj2pn-gcc-11.3.0-lib/lib' '-B' '/nix/store/dq0xwmsk1g0i2ayg6pb7y87na2knzylh-gcc-wrapper-11.3.0/bin/' '-frandom-seed=nb6bimzama' '-isystem' '/nix/store/ds6xh5pv5rz0c7qgjyk2qv6dy6sf2p3z-sfml-2.5.1/include' '-isystem' '/nix/store/pcvfia2yj946p4arz4018ax8g9rajby5-libGL-1.5.0-dev/include' '-isystem' '/nix/store/k4za15psddq0sa3kvy794034hk0hb0ag-libglvnd-1.5.0-dev/include' '-isystem' '/nix/store/pq8rjvbby1jpk2abgafv7s6c7ww1nm77-glu-9.0.2-dev/include' '-isystem' '/nix/store/cxhpfxf80pn9yrx9vp0krgscn3xr1083-libX11-1.8.1-dev/include' '-isystem' '/nix/store/zrkakdwv7g1gmd3b6ijd4azcilpg1hkg-xorgproto-2021.5/include' '-isystem' '/nix/store/zgn77akkyhdi5czzz929as1j872gbn04-libxcb-1.14-dev/include' '-isystem' '/nix/store/ds6xh5pv5rz0c7qgjyk2qv6dy6sf2p3z-sfml-2.5.1/include' '-isystem' '/nix/store/pcvfia2yj946p4arz4018ax8g9rajby5-libGL-1.5.0-dev/include' '-isystem' '/nix/store/k4za15psddq0sa3kvy794034hk0hb0ag-libglvnd-1.5.0-dev/include' '-isystem' '/nix/store/pq8rjvbby1jpk2abgafv7s6c7ww1nm77-glu-9.0.2-dev/include' '-isystem' '/nix/store/cxhpfxf80pn9yrx9vp0krgscn3xr1083-libX11-1.8.1-dev/include' '-isystem' '/nix/store/zrkakdwv7g1gmd3b6ijd4azcilpg1hkg-xorgproto-2021.5/include' '-isystem' '/nix/store/zgn77akkyhdi5czzz929as1j872gbn04-libxcb-1.14-dev/include' '-shared-libgcc' '-mtune=generic' '-march=x86-64' '-dumpdir' 'CMakeFiles/cmTC_50b41.dir/']
  ignore line: [ /nix/store/dq0xwmsk1g0i2ayg6pb7y87na2knzylh-gcc-wrapper-11.3.0/bin/as -v --64 -o CMakeFiles/cmTC_50b41.dir/CMakeCXXCompilerABI.cpp.o /tmp/nix-shell.GYf8xQ/ccHtoV4d.s]
  ignore line: [GNU assembler version 2.39 (x86_64-unknown-linux-gnu) using BFD version (GNU Binutils) 2.39]
  ignore line: [COMPILER_PATH=/nix/store/4nlgxhb09sdr51nc9hdm8az5b08vzkgx-glibc-2.35-163/lib/:/nix/store/mdck89nsfisflwjv6xv8ydj7dj0sj2pn-gcc-11.3.0-lib/lib/:/nix/store/dq0xwmsk1g0i2ayg6pb7y87na2knzylh-gcc-wrapper-11.3.0/bin/:/nix/store/1gf2flfqnpqbr1b4p4qz2f72y42bs56r-gcc-11.3.0/libexec/gcc/x86_64-unknown-linux-gnu/11.3.0/:/nix/store/1gf2flfqnpqbr1b4p4qz2f72y42bs56r-gcc-11.3.0/libexec/gcc/x86_64-unknown-linux-gnu/11.3.0/:/nix/store/1gf2flfqnpqbr1b4p4qz2f72y42bs56r-gcc-11.3.0/libexec/gcc/x86_64-unknown-linux-gnu/:/nix/store/1gf2flfqnpqbr1b4p4qz2f72y42bs56r-gcc-11.3.0/lib/gcc/x86_64-unknown-linux-gnu/11.3.0/:/nix/store/1gf2flfqnpqbr1b4p4qz2f72y42bs56r-gcc-11.3.0/lib/gcc/x86_64-unknown-linux-gnu/]
  ignore line: [LIBRARY_PATH=/nix/store/4nlgxhb09sdr51nc9hdm8az5b08vzkgx-glibc-2.35-163/lib/:/nix/store/mdck89nsfisflwjv6xv8ydj7dj0sj2pn-gcc-11.3.0-lib/lib/:/nix/store/dq0xwmsk1g0i2ayg6pb7y87na2knzylh-gcc-wrapper-11.3.0/bin/:/nix/store/1gf2flfqnpqbr1b4p4qz2f72y42bs56r-gcc-11.3.0/lib/gcc/x86_64-unknown-linux-gnu/11.3.0/:/nix/store/1gf2flfqnpqbr1b4p4qz2f72y42bs56r-gcc-11.3.0/lib/gcc/x86_64-unknown-linux-gnu/11.3.0/../../../../lib64/:/nix/store/1gf2flfqnpqbr1b4p4qz2f72y42bs56r-gcc-11.3.0/lib/gcc/x86_64-unknown-linux-gnu/11.3.0/../../../]
  ignore line: [COLLECT_GCC_OPTIONS='-fPIC' '-Wformat=1' '-Wformat-security' '-Werror=format-security' '-fstack-protector-strong' '--param=ssp-buffer-size=4' '-O2' '-U' '_FORTIFY_SOURCE' '-D' '_FORTIFY_SOURCE=2' '-fno-strict-overflow' '-v' '-o' 'CMakeFiles/cmTC_50b41.dir/CMakeCXXCompilerABI.cpp.o' '-c' '-B' '/nix/store/4nlgxhb09sdr51nc9hdm8az5b08vzkgx-glibc-2.35-163/lib/' '-idirafter' '/nix/store/4pqv2mwdn88h7xvsm7a5zplrd8sxzvw0-glibc-2.35-163-dev/include' '-idirafter' '/nix/store/1gf2flfqnpqbr1b4p4qz2f72y42bs56r-gcc-11.3.0/lib/gcc/x86_64-unknown-linux-gnu/11.3.0/include-fixed' '-B' '/nix/store/mdck89nsfisflwjv6xv8ydj7dj0sj2pn-gcc-11.3.0-lib/lib' '-B' '/nix/store/dq0xwmsk1g0i2ayg6pb7y87na2knzylh-gcc-wrapper-11.3.0/bin/' '-frandom-seed=nb6bimzama' '-isystem' '/nix/store/ds6xh5pv5rz0c7qgjyk2qv6dy6sf2p3z-sfml-2.5.1/include' '-isystem' '/nix/store/pcvfia2yj946p4arz4018ax8g9rajby5-libGL-1.5.0-dev/include' '-isystem' '/nix/store/k4za15psddq0sa3kvy794034hk0hb0ag-libglvnd-1.5.0-dev/include' '-isystem' '/nix/store/pq8rjvbby1jpk2abgafv7s6c7ww1nm77-glu-9.0.2-dev/include' '-isystem' '/nix/store/cxhpfxf80pn9yrx9vp0krgscn3xr1083-libX11-1.8.1-dev/include' '-isystem' '/nix/store/zrkakdwv7g1gmd3b6ijd4azcilpg1hkg-xorgproto-2021.5/include' '-isystem' '/nix/store/zgn77akkyhdi5czzz929as1j872gbn04-libxcb-1.14-dev/include' '-isystem' '/nix/store/ds6xh5pv5rz0c7qgjyk2qv6dy6sf2p3z-sfml-2.5.1/include' '-isystem' '/nix/store/pcvfia2yj946p4arz4018ax8g9rajby5-libGL-1.5.0-dev/include' '-isystem' '/nix/store/k4za15psddq0sa3kvy794034hk0hb0ag-libglvnd-1.5.0-dev/include' '-isystem' '/nix/store/pq8rjvbby1jpk2abgafv7s6c7ww1nm77-glu-9.0.2-dev/include' '-isystem' '/nix/store/cxhpfxf80pn9yrx9vp0krgscn3xr1083-libX11-1.8.1-dev/include' '-isystem' '/nix/store/zrkakdwv7g1gmd3b6ijd4azcilpg1hkg-xorgproto-2021.5/include' '-isystem' '/nix/store/zgn77akkyhdi5czzz929as1j872gbn04-libxcb-1.14-dev/include' '-shared-libgcc' '-mtune=generic' '-march=x86-64' '-dumpdir' 'CMakeFiles/cmTC_50b41.dir/CMakeCXXCompilerABI.cpp.']
  ignore line: [Linking CXX executable cmTC_50b41]
  ignore line: [/nix/store/rxb9zl1mdx9f2n3z0nyv9zhngj3f2pw0-cmake-3.24.3/bin/cmake -E cmake_link_script CMakeFiles/cmTC_50b41.dir/link.txt --verbose=1]
  ignore line: [/nix/store/dq0xwmsk1g0i2ayg6pb7y87na2knzylh-gcc-wrapper-11.3.0/bin/g++  -v CMakeFiles/cmTC_50b41.dir/CMakeCXXCompilerABI.cpp.o -o cmTC_50b41 ]
  ignore line: [Using built-in specs.]
  ignore line: [COLLECT_GCC=/nix/store/1gf2flfqnpqbr1b4p4qz2f72y42bs56r-gcc-11.3.0/bin/g++]
  ignore line: [COLLECT_LTO_WRAPPER=/nix/store/1gf2flfqnpqbr1b4p4qz2f72y42bs56r-gcc-11.3.0/libexec/gcc/x86_64-unknown-linux-gnu/11.3.0/lto-wrapper]
  ignore line: [Target: x86_64-unknown-linux-gnu]
  ignore line: [Configured with: ]
  ignore line: [Thread model: posix]
  ignore line: [Supported LTO compression algorithms: zlib]
  ignore line: [gcc version 11.3.0 (GCC) ]
  ignore line: [COMPILER_PATH=/nix/store/4nlgxhb09sdr51nc9hdm8az5b08vzkgx-glibc-2.35-163/lib/:/nix/store/mdck89nsfisflwjv6xv8ydj7dj0sj2pn-gcc-11.3.0-lib/lib/:/nix/store/dq0xwmsk1g0i2ayg6pb7y87na2knzylh-gcc-wrapper-11.3.0/bin/:/nix/store/1gf2flfqnpqbr1b4p4qz2f72y42bs56r-gcc-11.3.0/libexec/gcc/x86_64-unknown-linux-gnu/11.3.0/:/nix/store/1gf2flfqnpqbr1b4p4qz2f72y42bs56r-gcc-11.3.0/libexec/gcc/x86_64-unknown-linux-gnu/11.3.0/:/nix/store/1gf2flfqnpqbr1b4p4qz2f72y42bs56r-gcc-11.3.0/libexec/gcc/x86_64-unknown-linux-gnu/:/nix/store/1gf2flfqnpqbr1b4p4qz2f72y42bs56r-gcc-11.3.0/lib/gcc/x86_64-unknown-linux-gnu/11.3.0/:/nix/store/1gf2flfqnpqbr1b4p4qz2f72y42bs56r-gcc-11.3.0/lib/gcc/x86_64-unknown-linux-gnu/]
  ignore line: [LIBRARY_PATH=/nix/store/4nlgxhb09sdr51nc9hdm8az5b08vzkgx-glibc-2.35-163/lib/:/nix/store/mdck89nsfisflwjv6xv8ydj7dj0sj2pn-gcc-11.3.0-lib/lib/:/nix/store/dq0xwmsk1g0i2ayg6pb7y87na2knzylh-gcc-wrapper-11.3.0/bin/:/nix/store/1gf2flfqnpqbr1b4p4qz2f72y42bs56r-gcc-11.3.0/lib/gcc/x86_64-unknown-linux-gnu/11.3.0/:/nix/store/1gf2flfqnpqbr1b4p4qz2f72y42bs56r-gcc-11.3.0/lib/gcc/x86_64-unknown-linux-gnu/11.3.0/../../../../lib64/:/nix/store/1gf2flfqnpqbr1b4p4qz2f72y42bs56r-gcc-11.3.0/lib/gcc/x86_64-unknown-linux-gnu/11.3.0/../../../]
  ignore line: [COLLECT_GCC_OPTIONS='-fPIC' '-Wformat=1' '-Wformat-security' '-Werror=format-security' '-fstack-protector-strong' '--param=ssp-buffer-size=4' '-O2' '-U' '_FORTIFY_SOURCE' '-D' '_FORTIFY_SOURCE=2' '-fno-strict-overflow' '-v' '-o' 'cmTC_50b41' '-B' '/nix/store/4nlgxhb09sdr51nc9hdm8az5b08vzkgx-glibc-2.35-163/lib/' '-idirafter' '/nix/store/4pqv2mwdn88h7xvsm7a5zplrd8sxzvw0-glibc-2.35-163-dev/include' '-idirafter' '/nix/store/1gf2flfqnpqbr1b4p4qz2f72y42bs56r-gcc-11.3.0/lib/gcc/x86_64-unknown-linux-gnu/11.3.0/include-fixed' '-B' '/nix/store/mdck89nsfisflwjv6xv8ydj7dj0sj2pn-gcc-11.3.0-lib/lib' '-B' '/nix/store/dq0xwmsk1g0i2ayg6pb7y87na2knzylh-gcc-wrapper-11.3.0/bin/' '-frandom-seed=nb6bimzama' '-isystem' '/nix/store/ds6xh5pv5rz0c7qgjyk2qv6dy6sf2p3z-sfml-2.5.1/include' '-isystem' '/nix/store/pcvfia2yj946p4arz4018ax8g9rajby5-libGL-1.5.0-dev/include' '-isystem' '/nix/store/k4za15psddq0sa3kvy794034hk0hb0ag-libglvnd-1.5.0-dev/include' '-isystem' '/nix/store/pq8rjvbby1jpk2abgafv7s6c7ww1nm77-glu-9.0.2-dev/include' '-isystem' '/nix/store/cxhpfxf80pn9yrx9vp0krgscn3xr1083-libX11-1.8.1-dev/include' '-isystem' '/nix/store/zrkakdwv7g1gmd3b6ijd4azcilpg1hkg-xorgproto-2021.5/include' '-isystem' '/nix/store/zgn77akkyhdi5czzz929as1j872gbn04-libxcb-1.14-dev/include' '-isystem' '/nix/store/ds6xh5pv5rz0c7qgjyk2qv6dy6sf2p3z-sfml-2.5.1/include' '-isystem' '/nix/store/pcvfia2yj946p4arz4018ax8g9rajby5-libGL-1.5.0-dev/include' '-isystem' '/nix/store/k4za15psddq0sa3kvy794034hk0hb0ag-libglvnd-1.5.0-dev/include' '-isystem' '/nix/store/pq8rjvbby1jpk2abgafv7s6c7ww1nm77-glu-9.0.2-dev/include' '-isystem' '/nix/store/cxhpfxf80pn9yrx9vp0krgscn3xr1083-libX11-1.8.1-dev/include' '-isystem' '/nix/store/zrkakdwv7g1gmd3b6ijd4azcilpg1hkg-xorgproto-2021.5/include' '-isystem' '/nix/store/zgn77akkyhdi5czzz929as1j872gbn04-libxcb-1.14-dev/include' '-L/nix/store/ds6xh5pv5rz0c7qgjyk2qv6dy6sf2p3z-sfml-2.5.1/lib' '-L/nix/store/bv69g8bk73m15y3pq0wy15y9v99arwsn-libGL-1.5.0/lib' '-L/nix/store/cxhib72pd7n3fzl1yh6lrm4q16l42kws-libglvnd-1.5.0/lib' '-L/nix/store/bd4m98298qawa6chjq9mfi98xqd73hbl-glu-9.0.2/lib' '-L/nix/store/xs3v53gpwwpz34aj5h51rz4wxmjfrf08-libxcb-1.14/lib' '-L/nix/store/w3zzhfl4a7xp0xfflz2gawv02y8ba9z8-libX11-1.8.1/lib' '-L/nix/store/ds6xh5pv5rz0c7qgjyk2qv6dy6sf2p3z-sfml-2.5.1/lib' '-L/nix/store/bv69g8bk73m15y3pq0wy15y9v99arwsn-libGL-1.5.0/lib' '-L/nix/store/cxhib72pd7n3fzl1yh6lrm4q16l42kws-libglvnd-1.5.0/lib' '-L/nix/store/bd4m98298qawa6chjq9mfi98xqd73hbl-glu-9.0.2/lib' '-L/nix/store/xs3v53gpwwpz34aj5h51rz4wxmjfrf08-libxcb-1.14/lib' '-L/nix/store/w3zzhfl4a7xp0xfflz2gawv02y8ba9z8-libX11-1.8.1/lib' '-L/nix/store/4nlgxhb09sdr51nc9hdm8az5b08vzkgx-glibc-2.35-163/lib' '-L/nix/store/mdck89nsfisflwjv6xv8ydj7dj0sj2pn-gcc-11.3.0-lib/lib' '-shared-libgcc' '-mtune=generic' '-march=x86-64' '-dumpdir' 'cmTC_50b41.']
  link line: [ /nix/store/1gf2flfqnpqbr1b4p4qz2f72y42bs56r-gcc-11.3.0/libexec/gcc/x86_64-unknown-linux-gnu/11.3.0/collect2 -plugin /nix/store/1gf2flfqnpqbr1b4p4qz2f72y42bs56r-gcc-11.3.0/libexec/gcc/x86_64-unknown-linux-gnu/11.3.0/liblto_plugin.so -plugin-opt=/nix/store/1gf2flfqnpqbr1b4p4qz2f72y42bs56r-gcc-11.3.0/libexec/gcc/x86_64-unknown-linux-gnu/11.3.0/lto-wrapper -plugin-opt=-fresolution=/tmp/nix-shell.GYf8xQ/ccDn4N1O.res -plugin-opt=-pass-through=-lgcc_s -plugin-opt=-pass-through=-lgcc -plugin-opt=-pass-through=-lc -plugin-opt=-pass-through=-lgcc_s -plugin-opt=-pass-through=-lgcc --eh-frame-hdr -m elf_x86_64 -dynamic-linker /nix/store/4nlgxhb09sdr51nc9hdm8az5b08vzkgx-glibc-2.35-163/lib64/ld-linux-x86-64.so.2 -o cmTC_50b41 /nix/store/4nlgxhb09sdr51nc9hdm8az5b08vzkgx-glibc-2.35-163/lib/crt1.o /nix/store/4nlgxhb09sdr51nc9hdm8az5b08vzkgx-glibc-2.35-163/lib/crti.o /nix/store/1gf2flfqnpqbr1b4p4qz2f72y42bs56r-gcc-11.3.0/lib/gcc/x86_64-unknown-linux-gnu/11.3.0/crtbegin.o -L/nix/store/ds6xh5pv5rz0c7qgjyk2qv6dy6sf2p3z-sfml-2.5.1/lib -L/nix/store/bv69g8bk73m15y3pq0wy15y9v99arwsn-libGL-1.5.0/lib -L/nix/store/cxhib72pd7n3fzl1yh6lrm4q16l42kws-libglvnd-1.5.0/lib -L/nix/store/bd4m98298qawa6chjq9mfi98xqd73hbl-glu-9.0.2/lib -L/nix/store/xs3v53gpwwpz34aj5h51rz4wxmjfrf08-libxcb-1.14/lib -L/nix/store/w3zzhfl4a7xp0xfflz2gawv02y8ba9z8-libX11-1.8.1/lib -L/nix/store/ds6xh5pv5rz0c7qgjyk2qv6dy6sf2p3z-sfml-2.5.1/lib -L/nix/store/bv69g8bk73m15y3pq0wy15y9v99arwsn-libGL-1.5.0/lib -L/nix/store/cxhib72pd7n3fzl1yh6lrm4q16l42kws-libglvnd-1.5.0/lib -L/nix/store/bd4m98298qawa6chjq9mfi98xqd73hbl-glu-9.0.2/lib -L/nix/store/xs3v53gpwwpz34aj5h51rz4wxmjfrf08-libxcb-1.14/lib -L/nix/store/w3zzhfl4a7xp0xfflz2gawv02y8ba9z8-libX11-1.8.1/lib -L/nix/store/4nlgxhb09sdr51nc9hdm8az5b08vzkgx-glibc-2.35-163/lib -L/nix/store/mdck89nsfisflwjv6xv8ydj7dj0sj2pn-gcc-11.3.0-lib/lib -L/nix/store/4nlgxhb09sdr51nc9hdm8az5b08vzkgx-glibc-2.35-163/lib -L/nix/store/mdck89nsfisflwjv6xv8ydj7dj0sj2pn-gcc-11.3.0-lib/lib -L/nix/store/dq0xwmsk1g0i2ayg6pb7y87na2knzylh-gcc-wrapper-11.3.0/bin -L/nix/store/1gf2flfqnpqbr1b4p4qz2f72y42bs56r-gcc-11.3.0/lib/gcc/x86_64-unknown-linux-gnu/11.3.0 -L/nix/store/1gf2flfqnpqbr1b4p4qz2f72y42bs56r-gcc-11.3.0/lib/gcc/x86_64-unknown-linux-gnu/11.3.0/../../../../lib64 -L/nix/store/1gf2flfqnpqbr1b4p4qz2f72y42bs56r-gcc-11.3.0/lib/gcc/x86_64-unknown-linux-gnu/11.3.0/../../.. -dynamic-linker=/nix/store/4nlgxhb09sdr51nc9hdm8az5b08vzkgx-glibc-2.35-163/lib/ld-linux-x86-64.so.2 CMakeFiles/cmTC_50b41.dir/CMakeCXXCompilerABI.cpp.o -rpath /home/sami/Code/study/c_cpp/SFML/TecProg_Game/outputs/out/lib64 -rpath /home/sami/Code/study/c_cpp/SFML/TecProg_Game/outputs/out/lib -lstdc++ -lm -lgcc_s -lgcc -lc -lgcc_s -lgcc /nix/store/1gf2flfqnpqbr1b4p4qz2f72y42bs56r-gcc-11.3.0/lib/gcc/x86_64-unknown-linux-gnu/11.3.0/crtend.o /nix/store/4nlgxhb09sdr51nc9hdm8az5b08vzkgx-glibc-2.35-163/lib/crtn.o]
    arg [/nix/store/1gf2flfqnpqbr1b4p4qz2f72y42bs56r-gcc-11.3.0/libexec/gcc/x86_64-unknown-linux-gnu/11.3.0/collect2] ==> ignore
    arg [-plugin] ==> ignore
    arg [/nix/store/1gf2flfqnpqbr1b4p4qz2f72y42bs56r-gcc-11.3.0/libexec/gcc/x86_64-unknown-linux-gnu/11.3.0/liblto_plugin.so] ==> ignore
    arg [-plugin-opt=/nix/store/1gf2flfqnpqbr1b4p4qz2f72y42bs56r-gcc-11.3.0/libexec/gcc/x86_64-unknown-linux-gnu/11.3.0/lto-wrapper] ==> ignore
    arg [-plugin-opt=-fresolution=/tmp/nix-shell.GYf8xQ/ccDn4N1O.res] ==> ignore
    arg [-plugin-opt=-pass-through=-lgcc_s] ==> ignore
    arg [-plugin-opt=-pass-through=-lgcc] ==> ignore
    arg [-plugin-opt=-pass-through=-lc] ==> ignore
    arg [-plugin-opt=-pass-through=-lgcc_s] ==> ignore
    arg [-plugin-opt=-pass-through=-lgcc] ==> ignore
    arg [--eh-frame-hdr] ==> ignore
    arg [-m] ==> ignore
    arg [elf_x86_64] ==> ignore
    arg [-dynamic-linker] ==> ignore
    arg [/nix/store/4nlgxhb09sdr51nc9hdm8az5b08vzkgx-glibc-2.35-163/lib64/ld-linux-x86-64.so.2] ==> ignore
    arg [-o] ==> ignore
    arg [cmTC_50b41] ==> ignore
    arg [/nix/store/4nlgxhb09sdr51nc9hdm8az5b08vzkgx-glibc-2.35-163/lib/crt1.o] ==> obj [/nix/store/4nlgxhb09sdr51nc9hdm8az5b08vzkgx-glibc-2.35-163/lib/crt1.o]
    arg [/nix/store/4nlgxhb09sdr51nc9hdm8az5b08vzkgx-glibc-2.35-163/lib/crti.o] ==> obj [/nix/store/4nlgxhb09sdr51nc9hdm8az5b08vzkgx-glibc-2.35-163/lib/crti.o]
    arg [/nix/store/1gf2flfqnpqbr1b4p4qz2f72y42bs56r-gcc-11.3.0/lib/gcc/x86_64-unknown-linux-gnu/11.3.0/crtbegin.o] ==> obj [/nix/store/1gf2flfqnpqbr1b4p4qz2f72y42bs56r-gcc-11.3.0/lib/gcc/x86_64-unknown-linux-gnu/11.3.0/crtbegin.o]
    arg [-L/nix/store/ds6xh5pv5rz0c7qgjyk2qv6dy6sf2p3z-sfml-2.5.1/lib] ==> dir [/nix/store/ds6xh5pv5rz0c7qgjyk2qv6dy6sf2p3z-sfml-2.5.1/lib]
    arg [-L/nix/store/bv69g8bk73m15y3pq0wy15y9v99arwsn-libGL-1.5.0/lib] ==> dir [/nix/store/bv69g8bk73m15y3pq0wy15y9v99arwsn-libGL-1.5.0/lib]
    arg [-L/nix/store/cxhib72pd7n3fzl1yh6lrm4q16l42kws-libglvnd-1.5.0/lib] ==> dir [/nix/store/cxhib72pd7n3fzl1yh6lrm4q16l42kws-libglvnd-1.5.0/lib]
    arg [-L/nix/store/bd4m98298qawa6chjq9mfi98xqd73hbl-glu-9.0.2/lib] ==> dir [/nix/store/bd4m98298qawa6chjq9mfi98xqd73hbl-glu-9.0.2/lib]
    arg [-L/nix/store/xs3v53gpwwpz34aj5h51rz4wxmjfrf08-libxcb-1.14/lib] ==> dir [/nix/store/xs3v53gpwwpz34aj5h51rz4wxmjfrf08-libxcb-1.14/lib]
    arg [-L/nix/store/w3zzhfl4a7xp0xfflz2gawv02y8ba9z8-libX11-1.8.1/lib] ==> dir [/nix/store/w3zzhfl4a7xp0xfflz2gawv02y8ba9z8-libX11-1.8.1/lib]
    arg [-L/nix/store/ds6xh5pv5rz0c7qgjyk2qv6dy6sf2p3z-sfml-2.5.1/lib] ==> dir [/nix/store/ds6xh5pv5rz0c7qgjyk2qv6dy6sf2p3z-sfml-2.5.1/lib]
    arg [-L/nix/store/bv69g8bk73m15y3pq0wy15y9v99arwsn-libGL-1.5.0/lib] ==> dir [/nix/store/bv69g8bk73m15y3pq0wy15y9v99arwsn-libGL-1.5.0/lib]
    arg [-L/nix/store/cxhib72pd7n3fzl1yh6lrm4q16l42kws-libglvnd-1.5.0/lib] ==> dir [/nix/store/cxhib72pd7n3fzl1yh6lrm4q16l42kws-libglvnd-1.5.0/lib]
    arg [-L/nix/store/bd4m98298qawa6chjq9mfi98xqd73hbl-glu-9.0.2/lib] ==> dir [/nix/store/bd4m98298qawa6chjq9mfi98xqd73hbl-glu-9.0.2/lib]
    arg [-L/nix/store/xs3v53gpwwpz34aj5h51rz4wxmjfrf08-libxcb-1.14/lib] ==> dir [/nix/store/xs3v53gpwwpz34aj5h51rz4wxmjfrf08-libxcb-1.14/lib]
    arg [-L/nix/store/w3zzhfl4a7xp0xfflz2gawv02y8ba9z8-libX11-1.8.1/lib] ==> dir [/nix/store/w3zzhfl4a7xp0xfflz2gawv02y8ba9z8-libX11-1.8.1/lib]
    arg [-L/nix/store/4nlgxhb09sdr51nc9hdm8az5b08vzkgx-glibc-2.35-163/lib] ==> dir [/nix/store/4nlgxhb09sdr51nc9hdm8az5b08vzkgx-glibc-2.35-163/lib]
    arg [-L/nix/store/mdck89nsfisflwjv6xv8ydj7dj0sj2pn-gcc-11.3.0-lib/lib] ==> dir [/nix/store/mdck89nsfisflwjv6xv8ydj7dj0sj2pn-gcc-11.3.0-lib/lib]
    arg [-L/nix/store/4nlgxhb09sdr51nc9hdm8az5b08vzkgx-glibc-2.35-163/lib] ==> dir [/nix/store/4nlgxhb09sdr51nc9hdm8az5b08vzkgx-glibc-2.35-163/lib]
    arg [-L/nix/store/mdck89nsfisflwjv6xv8ydj7dj0sj2pn-gcc-11.3.0-lib/lib] ==> dir [/nix/store/mdck89nsfisflwjv6xv8ydj7dj0sj2pn-gcc-11.3.0-lib/lib]
    arg [-L/nix/store/dq0xwmsk1g0i2ayg6pb7y87na2knzylh-gcc-wrapper-11.3.0/bin] ==> dir [/nix/store/dq0xwmsk1g0i2ayg6pb7y87na2knzylh-gcc-wrapper-11.3.0/bin]
    arg [-L/nix/store/1gf2flfqnpqbr1b4p4qz2f72y42bs56r-gcc-11.3.0/lib/gcc/x86_64-unknown-linux-gnu/11.3.0] ==> dir [/nix/store/1gf2flfqnpqbr1b4p4qz2f72y42bs56r-gcc-11.3.0/lib/gcc/x86_64-unknown-linux-gnu/11.3.0]
    arg [-L/nix/store/1gf2flfqnpqbr1b4p4qz2f72y42bs56r-gcc-11.3.0/lib/gcc/x86_64-unknown-linux-gnu/11.3.0/../../../../lib64] ==> dir [/nix/store/1gf2flfqnpqbr1b4p4qz2f72y42bs56r-gcc-11.3.0/lib/gcc/x86_64-unknown-linux-gnu/11.3.0/../../../../lib64]
    arg [-L/nix/store/1gf2flfqnpqbr1b4p4qz2f72y42bs56r-gcc-11.3.0/lib/gcc/x86_64-unknown-linux-gnu/11.3.0/../../..] ==> dir [/nix/store/1gf2flfqnpqbr1b4p4qz2f72y42bs56r-gcc-11.3.0/lib/gcc/x86_64-unknown-linux-gnu/11.3.0/../../..]
    arg [-dynamic-linker=/nix/store/4nlgxhb09sdr51nc9hdm8az5b08vzkgx-glibc-2.35-163/lib/ld-linux-x86-64.so.2] ==> ignore
    arg [CMakeFiles/cmTC_50b41.dir/CMakeCXXCompilerABI.cpp.o] ==> ignore
    arg [-rpath] ==> ignore
    arg [/home/sami/Code/study/c_cpp/SFML/TecProg_Game/outputs/out/lib64] ==> ignore
    arg [-rpath] ==> ignore
    arg [/home/sami/Code/study/c_cpp/SFML/TecProg_Game/outputs/out/lib] ==> ignore
    arg [-lstdc++] ==> lib [stdc++]
    arg [-lm] ==> lib [m]
    arg [-lgcc_s] ==> lib [gcc_s]
    arg [-lgcc] ==> lib [gcc]
    arg [-lc] ==> lib [c]
    arg [-lgcc_s] ==> lib [gcc_s]
    arg [-lgcc] ==> lib [gcc]
    arg [/nix/store/1gf2flfqnpqbr1b4p4qz2f72y42bs56r-gcc-11.3.0/lib/gcc/x86_64-unknown-linux-gnu/11.3.0/crtend.o] ==> obj [/nix/store/1gf2flfqnpqbr1b4p4qz2f72y42bs56r-gcc-11.3.0/lib/gcc/x86_64-unknown-linux-gnu/11.3.0/crtend.o]
    arg [/nix/store/4nlgxhb09sdr51nc9hdm8az5b08vzkgx-glibc-2.35-163/lib/crtn.o] ==> obj [/nix/store/4nlgxhb09sdr51nc9hdm8az5b08vzkgx-glibc-2.35-163/lib/crtn.o]
  collapse library dir [/nix/store/ds6xh5pv5rz0c7qgjyk2qv6dy6sf2p3z-sfml-2.5.1/lib] ==> [/nix/store/ds6xh5pv5rz0c7qgjyk2qv6dy6sf2p3z-sfml-2.5.1/lib]
  collapse library dir [/nix/store/bv69g8bk73m15y3pq0wy15y9v99arwsn-libGL-1.5.0/lib] ==> [/nix/store/bv69g8bk73m15y3pq0wy15y9v99arwsn-libGL-1.5.0/lib]
  collapse library dir [/nix/store/cxhib72pd7n3fzl1yh6lrm4q16l42kws-libglvnd-1.5.0/lib] ==> [/nix/store/cxhib72pd7n3fzl1yh6lrm4q16l42kws-libglvnd-1.5.0/lib]
  collapse library dir [/nix/store/bd4m98298qawa6chjq9mfi98xqd73hbl-glu-9.0.2/lib] ==> [/nix/store/bd4m98298qawa6chjq9mfi98xqd73hbl-glu-9.0.2/lib]
  collapse library dir [/nix/store/xs3v53gpwwpz34aj5h51rz4wxmjfrf08-libxcb-1.14/lib] ==> [/nix/store/xs3v53gpwwpz34aj5h51rz4wxmjfrf08-libxcb-1.14/lib]
  collapse library dir [/nix/store/w3zzhfl4a7xp0xfflz2gawv02y8ba9z8-libX11-1.8.1/lib] ==> [/nix/store/w3zzhfl4a7xp0xfflz2gawv02y8ba9z8-libX11-1.8.1/lib]
  collapse library dir [/nix/store/ds6xh5pv5rz0c7qgjyk2qv6dy6sf2p3z-sfml-2.5.1/lib] ==> [/nix/store/ds6xh5pv5rz0c7qgjyk2qv6dy6sf2p3z-sfml-2.5.1/lib]
  collapse library dir [/nix/store/bv69g8bk73m15y3pq0wy15y9v99arwsn-libGL-1.5.0/lib] ==> [/nix/store/bv69g8bk73m15y3pq0wy15y9v99arwsn-libGL-1.5.0/lib]
  collapse library dir [/nix/store/cxhib72pd7n3fzl1yh6lrm4q16l42kws-libglvnd-1.5.0/lib] ==> [/nix/store/cxhib72pd7n3fzl1yh6lrm4q16l42kws-libglvnd-1.5.0/lib]
  collapse library dir [/nix/store/bd4m98298qawa6chjq9mfi98xqd73hbl-glu-9.0.2/lib] ==> [/nix/store/bd4m98298qawa6chjq9mfi98xqd73hbl-glu-9.0.2/lib]
  collapse library dir [/nix/store/xs3v53gpwwpz34aj5h51rz4wxmjfrf08-libxcb-1.14/lib] ==> [/nix/store/xs3v53gpwwpz34aj5h51rz4wxmjfrf08-libxcb-1.14/lib]
  collapse library dir [/nix/store/w3zzhfl4a7xp0xfflz2gawv02y8ba9z8-libX11-1.8.1/lib] ==> [/nix/store/w3zzhfl4a7xp0xfflz2gawv02y8ba9z8-libX11-1.8.1/lib]
  collapse library dir [/nix/store/4nlgxhb09sdr51nc9hdm8az5b08vzkgx-glibc-2.35-163/lib] ==> [/nix/store/4nlgxhb09sdr51nc9hdm8az5b08vzkgx-glibc-2.35-163/lib]
  collapse library dir [/nix/store/mdck89nsfisflwjv6xv8ydj7dj0sj2pn-gcc-11.3.0-lib/lib] ==> [/nix/store/mdck89nsfisflwjv6xv8ydj7dj0sj2pn-gcc-11.3.0-lib/lib]
  collapse library dir [/nix/store/4nlgxhb09sdr51nc9hdm8az5b08vzkgx-glibc-2.35-163/lib] ==> [/nix/store/4nlgxhb09sdr51nc9hdm8az5b08vzkgx-glibc-2.35-163/lib]
  collapse library dir [/nix/store/mdck89nsfisflwjv6xv8ydj7dj0sj2pn-gcc-11.3.0-lib/lib] ==> [/nix/store/mdck89nsfisflwjv6xv8ydj7dj0sj2pn-gcc-11.3.0-lib/lib]
  collapse library dir [/nix/store/dq0xwmsk1g0i2ayg6pb7y87na2knzylh-gcc-wrapper-11.3.0/bin] ==> [/nix/store/dq0xwmsk1g0i2ayg6pb7y87na2knzylh-gcc-wrapper-11.3.0/bin]
  collapse library dir [/nix/store/1gf2flfqnpqbr1b4p4qz2f72y42bs56r-gcc-11.3.0/lib/gcc/x86_64-unknown-linux-gnu/11.3.0] ==> [/nix/store/1gf2flfqnpqbr1b4p4qz2f72y42bs56r-gcc-11.3.0/lib/gcc/x86_64-unknown-linux-gnu/11.3.0]
  collapse library dir [/nix/store/1gf2flfqnpqbr1b4p4qz2f72y42bs56r-gcc-11.3.0/lib/gcc/x86_64-unknown-linux-gnu/11.3.0/../../../../lib64] ==> [/nix/store/1gf2flfqnpqbr1b4p4qz2f72y42bs56r-gcc-11.3.0/lib64]
  collapse library dir [/nix/store/1gf2flfqnpqbr1b4p4qz2f72y42bs56r-gcc-11.3.0/lib/gcc/x86_64-unknown-linux-gnu/11.3.0/../../..] ==> [/nix/store/1gf2flfqnpqbr1b4p4qz2f72y42bs56r-gcc-11.3.0/lib]
  implicit libs: [stdc++;m;gcc_s;gcc;c;gcc_s;gcc]
  implicit objs: [/nix/store/4nlgxhb09sdr51nc9hdm8az5b08vzkgx-glibc-2.35-163/lib/crt1.o;/nix/store/4nlgxhb09sdr51nc9hdm8az5b08vzkgx-glibc-2.35-163/lib/crti.o;/nix/store/1gf2flfqnpqbr1b4p4qz2f72y42bs56r-gcc-11.3.0/lib/gcc/x86_64-unknown-linux-gnu/11.3.0/crtbegin.o;/nix/store/1gf2flfqnpqbr1b4p4qz2f72y42bs56r-gcc-11.3.0/lib/gcc/x86_64-unknown-linux-gnu/11.3.0/crtend.o;/nix/store/4nlgxhb09sdr51nc9hdm8az5b08vzkgx-glibc-2.35-163/lib/crtn.o]
  implicit dirs: [/nix/store/ds6xh5pv5rz0c7qgjyk2qv6dy6sf2p3z-sfml-2.5.1/lib;/nix/store/bv69g8bk73m15y3pq0wy15y9v99arwsn-libGL-1.5.0/lib;/nix/store/cxhib72pd7n3fzl1yh6lrm4q16l42kws-libglvnd-1.5.0/lib;/nix/store/bd4m98298qawa6chjq9mfi98xqd73hbl-glu-9.0.2/lib;/nix/store/xs3v53gpwwpz34aj5h51rz4wxmjfrf08-libxcb-1.14/lib;/nix/store/w3zzhfl4a7xp0xfflz2gawv02y8ba9z8-libX11-1.8.1/lib;/nix/store/4nlgxhb09sdr51nc9hdm8az5b08vzkgx-glibc-2.35-163/lib;/nix/store/mdck89nsfisflwjv6xv8ydj7dj0sj2pn-gcc-11.3.0-lib/lib;/nix/store/dq0xwmsk1g0i2ayg6pb7y87na2knzylh-gcc-wrapper-11.3.0/bin;/nix/store/1gf2flfqnpqbr1b4p4qz2f72y42bs56r-gcc-11.3.0/lib/gcc/x86_64-unknown-linux-gnu/11.3.0;/nix/store/1gf2flfqnpqbr1b4p4qz2f72y42bs56r-gcc-11.3.0/lib64;/nix/store/1gf2flfqnpqbr1b4p4qz2f72y42bs56r-gcc-11.3.0/lib]
  implicit fwks: []


